[INFO] Scanning for projects...
[INFO] 
[INFO] -------------------< de.gematik.test:tiger-uitests >--------------------
[INFO] Building tiger-uitests 3.1.4-SNAPSHOT
[INFO]   from pom.xml
[INFO] --------------------------------[ jar ]---------------------------------
[INFO] 
[INFO] --- failsafe:3.2.5:integration-test (default-cli) @ tiger-uitests ---
[INFO] Using auto detected provider org.apache.maven.surefire.junitplatform.JUnitPlatformProvider
[INFO] 
[INFO] -------------------------------------------------------
[INFO]  T E S T S
[INFO] -------------------------------------------------------
[INFO] Running de.gematik.test.tiger.serenity.drivers.Driver001IT
13:09:34,320 |-INFO in ch.qos.logback.classic.LoggerContext[default] - This is logback-classic version 1.5.6
13:09:34,323 |-INFO in ch.qos.logback.classic.util.ContextInitializer@5c48c0c0 - Here is a list of configurators discovered as a service, by rank: 
13:09:34,323 |-INFO in ch.qos.logback.classic.util.ContextInitializer@5c48c0c0 -   org.springframework.boot.logging.logback.RootLogLevelConfigurator
13:09:34,323 |-INFO in ch.qos.logback.classic.util.ContextInitializer@5c48c0c0 - They will be invoked in order until ExecutionStatus.DO_NOT_INVOKE_NEXT_IF_ANY is returned.
13:09:34,324 |-INFO in ch.qos.logback.classic.util.ContextInitializer@5c48c0c0 - Constructed configurator of type class org.springframework.boot.logging.logback.RootLogLevelConfigurator
13:09:34,332 |-INFO in ch.qos.logback.classic.util.ContextInitializer@5c48c0c0 - org.springframework.boot.logging.logback.RootLogLevelConfigurator.configure() call lasted 1 milliseconds. ExecutionStatus=INVOKE_NEXT_IF_ANY
13:09:34,332 |-INFO in ch.qos.logback.classic.util.ContextInitializer@5c48c0c0 - Trying to configure with ch.qos.logback.classic.joran.SerializedModelConfigurator
13:09:34,333 |-INFO in ch.qos.logback.classic.util.ContextInitializer@5c48c0c0 - Constructed configurator of type class ch.qos.logback.classic.joran.SerializedModelConfigurator
13:09:34,337 |-INFO in ch.qos.logback.classic.LoggerContext[default] - Could NOT find resource [logback-test.scmo]
13:09:34,337 |-INFO in ch.qos.logback.classic.LoggerContext[default] - Could NOT find resource [logback.scmo]
13:09:34,337 |-INFO in ch.qos.logback.classic.util.ContextInitializer@5c48c0c0 - ch.qos.logback.classic.joran.SerializedModelConfigurator.configure() call lasted 4 milliseconds. ExecutionStatus=INVOKE_NEXT_IF_ANY
13:09:34,337 |-INFO in ch.qos.logback.classic.util.ContextInitializer@5c48c0c0 - Trying to configure with ch.qos.logback.classic.util.DefaultJoranConfigurator
13:09:34,339 |-INFO in ch.qos.logback.classic.util.ContextInitializer@5c48c0c0 - Constructed configurator of type class ch.qos.logback.classic.util.DefaultJoranConfigurator
13:09:34,340 |-INFO in ch.qos.logback.classic.LoggerContext[default] - Could NOT find resource [logback-test.xml]
13:09:34,341 |-INFO in ch.qos.logback.classic.LoggerContext[default] - Found resource [logback.xml] at [jar:file:/C:/Users/dagmar.bruensing/.m2/repository/de/gematik/test/tiger-testenv-mgr/3.1.4-SNAPSHOT/tiger-testenv-mgr-3.1.4-SNAPSHOT.jar!/logback.xml]
13:09:34,342 |-WARN in ch.qos.logback.classic.util.DefaultJoranConfigurator@10c8f62 - Resource [logback.xml] occurs multiple times on the classpath.
13:09:34,342 |-WARN in ch.qos.logback.classic.util.DefaultJoranConfigurator@10c8f62 - Resource [logback.xml] occurs at [jar:file:/C:/Users/dagmar.bruensing/.m2/repository/org/gaul/httpbin/1.4.0/httpbin-1.4.0.jar!/logback.xml]
13:09:34,342 |-WARN in ch.qos.logback.classic.util.DefaultJoranConfigurator@10c8f62 - Resource [logback.xml] occurs at [jar:file:/C:/Users/dagmar.bruensing/.m2/repository/de/gematik/test/tiger-testenv-mgr/3.1.4-SNAPSHOT/tiger-testenv-mgr-3.1.4-SNAPSHOT.jar!/logback.xml]
13:09:34,351 |-INFO in ch.qos.logback.core.joran.spi.ConfigurationWatchList@674c583e - URL [jar:file:/C:/Users/dagmar.bruensing/.m2/repository/de/gematik/test/tiger-testenv-mgr/3.1.4-SNAPSHOT/tiger-testenv-mgr-3.1.4-SNAPSHOT.jar!/logback.xml] is not of type file
13:09:34,519 |-INFO in ch.qos.logback.core.model.processor.AppenderModelHandler - Processing appender named [STDOUT]
13:09:34,519 |-INFO in ch.qos.logback.core.model.processor.AppenderModelHandler - About to instantiate appender of type [ch.qos.logback.core.ConsoleAppender]
13:09:34,534 |-INFO in ch.qos.logback.core.model.processor.ImplicitModelHandler - Assuming default type [ch.qos.logback.classic.encoder.PatternLayoutEncoder] for [encoder] property
13:09:34,563 |-INFO in ch.qos.logback.classic.model.processor.LoggerModelHandler - Setting level of logger [org.apache] to INFO
13:09:34,563 |-INFO in ch.qos.logback.classic.model.processor.LoggerModelHandler - Setting level of logger [httpclient] to INFO
13:09:34,563 |-INFO in ch.qos.logback.classic.model.processor.RootLoggerModelHandler - Setting level of ROOT logger to INFO
13:09:34,563 |-INFO in ch.qos.logback.core.model.processor.AppenderRefModelHandler - Attaching appender named [STDOUT] to Logger[ROOT]
13:09:34,564 |-INFO in ch.qos.logback.core.model.processor.DefaultProcessor@25f7391e - End of configuration.
13:09:34,565 |-INFO in ch.qos.logback.classic.joran.JoranConfigurator@3f23a3a0 - Registering current configuration as safe fallback point
13:09:34,565 |-INFO in ch.qos.logback.classic.util.ContextInitializer@5c48c0c0 - ch.qos.logback.classic.util.DefaultJoranConfigurator.configure() call lasted 226 milliseconds. ExecutionStatus=DO_NOT_INVOKE_NEXT_IF_ANY

13:09:35.015 [main ] INFO  i.c.c.p.r.SerenityReporterCallbacks - Starting Tiger version 3.1.4-SNAPSHOT-2024-07-24 09:10
13:09:35.016 [main ] INFO  d.g.t.t.l.TigerDirector - Registering shutdown hook...
13:09:35.454 [main ] INFO  d.g.t.t.c.c.TigerGlobalConfiguration - Reading configuration from file 'C:\workspaces\tiger_work4\tiger\tiger-uitests\src\test\resources\playwright.yaml'
13:09:35.657 [main ] INFO  d.g.t.t.c.c.TigerGlobalConfiguration - Reading configuration from file 'C:\workspaces\tiger_work4\tiger\tiger-uitests\src\test\resources\additionalYaml.yaml'
13:09:36.111 [main ] INFO  d.g.t.t.l.TigerDirector - 
========================================================================================================================
  ____ _____  _    ____ _____ ___ _   _  ____   _____ _____ ____ _____ _____ _   ___     __  __  __  ____ ____        
 / ___|_   _|/ \  |  _ \_   _|_ _| \ | |/ ___| |_   _| ____/ ___|_   _| ____| \ | \ \   / / |  \/  |/ ___|  _ \       
 \___ \ | | / _ \ | |_) || |  | ||  \| | |  _    | | |  _| \___ \ | | |  _| |  \| |\ \ / /  | |\/| | |  _| |_) |      
  ___) || |/ ___ \|  _ < | |  | || |\  | |_| |   | | | |___ ___) || | | |___| |\  | \ V /   | |  | | |_| |  _ < _ _ _ 
 |____/ |_/_/   \_\_| \_\|_| |___|_| \_|\____|   |_| |_____|____/ |_| |_____|_| \_|  \_/    |_|  |_|\____|_| \_(_|_|_)
                                                                                                                      
========================================================================================================================
13:09:36.587 [background-preinit] INFO  o.h.v.i.u.Version - HV000001: Hibernate Validator 8.0.1.Final
13:09:36.645 [main ] INFO  o.a.m.s.b.ForkedBooter - Starting ForkedBooter v3.2.5 using Java 17.0.7 with PID 26024 (started by dagmar.bruensing in C:\workspaces\tiger_work4\tiger\tiger-uitests)
13:09:36.646 [main ] INFO  o.a.m.s.b.ForkedBooter - No active profile set, falling back to 1 default profile: "default"
13:09:38.621 [main ] INFO  o.s.b.w.e.t.TomcatWebServer - Tomcat initialized with port 64150 (http)
13:09:38.648 [main ] INFO  o.a.c.h.Http11NioProtocol - Initializing ProtocolHandler ["http-nio-64150"]
13:09:38.651 [main ] INFO  o.a.c.c.StandardService - Starting service [Tomcat]
13:09:38.651 [main ] INFO  o.a.c.c.StandardEngine - Starting Servlet engine: [Apache Tomcat/10.1.24]
13:09:38.905 [main ] INFO  o.a.c.c.C.[.[.[/] - Initializing Spring embedded WebApplicationContext
13:09:38.908 [main ] INFO  o.s.b.w.s.c.ServletWebServerApplicationContext - Root WebApplicationContext: initialization completed in 2183 ms
13:09:39.697 [main ] INFO  d.g.t.t.t.TigerTestEnvMgr - Registered server type externalJar with class de.gematik.test.tiger.testenvmgr.servers.ExternalJarServer
13:09:39.699 [main ] INFO  d.g.t.t.t.TigerTestEnvMgr - Registered server type externalUrl with class de.gematik.test.tiger.testenvmgr.servers.ExternalUrlServer
13:09:39.701 [main ] INFO  d.g.t.t.t.TigerTestEnvMgr - Registered server type httpbin with class de.gematik.test.tiger.testenvmgr.servers.HttpBinServer
13:09:39.705 [main ] INFO  d.g.t.t.t.TigerTestEnvMgr - Registered server type tigerProxy with class de.gematik.test.tiger.testenvmgr.servers.TigerProxyServer
13:09:39.722 [main ] INFO  d.g.t.t.t.TigerTestEnvMgr - Tiger Testenv mgr created OK
13:09:39.722 [main ] INFO  d.g.t.t.t.TigerTestEnvMgrApplication - Tiger standalone test environment manager UP!
13:09:40.192 [main ] INFO  o.s.b.a.w.s.WelcomePageHandlerMapping - Adding welcome page: class path resource [static/index.html]
13:09:42.206 [main ] INFO  o.s.b.a.e.w.EndpointLinksResolver - Exposing 1 endpoint beneath base path '/actuator'
13:09:42.305 [main ] INFO  o.a.c.h.Http11NioProtocol - Starting ProtocolHandler ["http-nio-64150"]
13:09:42.335 [main ] INFO  o.s.b.w.e.t.TomcatWebServer - Tomcat started on port 64150 (http) with context path '/'
13:09:42.340 [main ] INFO  o.s.m.s.b.SimpleBrokerMessageHandler - Starting...
13:09:42.344 [main ] INFO  o.s.m.s.b.SimpleBrokerMessageHandler - BrokerAvailabilityEvent[available=true, SimpleBrokerMessageHandler [org.springframework.messaging.simp.broker.DefaultSubscriptionRegistry@7d381eae]]
13:09:42.345 [main ] INFO  o.s.m.s.b.SimpleBrokerMessageHandler - Started.
13:09:42.369 [main ] INFO  o.a.m.s.b.ForkedBooter - Started ForkedBooter in 6.141 seconds (process running for 9.653)
13:09:42.514 [main ] INFO  d.g.t.t.l.TigerDirector - 
========================================================================================================================
  ____ _____  _    ____ _____ ___ _   _  ____  __        _____  ____  _  _______ _     _____        __  _   _ ___         
 / ___|_   _|/ \  |  _ \_   _|_ _| \ | |/ ___| \ \      / / _ \|  _ \| |/ /  ___| |   / _ \ \      / / | | | |_ _|        
 \___ \ | | / _ \ | |_) || |  | ||  \| | |  _   \ \ /\ / / | | | |_) | ' /| |_  | |  | | | \ \ /\ / /  | | | || |         
  ___) || |/ ___ \|  _ < | |  | || |\  | |_| |   \ V  V /| |_| |  _ <| . \|  _| | |__| |_| |\ V  V /   | |_| || |   _ _ _ 
 |____/ |_/_/   \_\_| \_\|_| |___|_| \_|\____|    \_/\_/  \___/|_| \_\_|\_\_|   |_____\___/  \_/\_/     \___/|___| (_|_|_)
                                                                                                                          
========================================================================================================================
13:09:42.514 [main ] INFO  d.g.t.t.l.TigerDirector - Waiting for workflow Ui to fetch status...
13:09:42.515 [main ] INFO  d.g.t.t.l.TigerDirector - Workflow UI http://localhost:64150
13:09:57.443 [http-nio-64150-exec-1] INFO  o.a.c.c.C.[.[.[/] - Initializing Spring DispatcherServlet 'dispatcherServlet'
13:09:57.444 [http-nio-64150-exec-1] INFO  o.s.w.s.DispatcherServlet - Initializing Servlet 'dispatcherServlet'
13:09:57.446 [http-nio-64150-exec-1] INFO  o.s.w.s.DispatcherServlet - Completed initialization in 2 ms
13:10:00.754 [main ] INFO  d.g.t.t.l.TigerDirector - 
========================================================================================================================
  ____  _____ _____ _____ ___ _   _  ____   _   _ ____    _____ _____ ____ _____ _____ _   ___     __    
 / ___|| ____|_   _|_   _|_ _| \ | |/ ___| | | | |  _ \  |_   _| ____/ ___|_   _| ____| \ | \ \   / /    
 \___ \|  _|   | |   | |  | ||  \| | |  _  | | | | |_) |   | | |  _| \___ \ | | |  _| |  \| |\ \ / /     
  ___) | |___  | |   | |  | || |\  | |_| | | |_| |  __/    | | | |___ ___) || | | |___| |\  | \ V /_ _ _ 
 |____/|_____| |_|   |_| |___|_| \_|\____|  \___/|_|       |_| |_____|____/ |_| |_____|_| \_|  \_/(_|_|_)
                                                                                                         
========================================================================================================================
13:10:00.757 [main ] INFO  d.g.t.t.t.TigerTestEnvMgr - 
========================================================================================================================
  ____ _____  _    ____ _____ ___ _   _  ____   _     ___   ____    _    _       ____  ____   _____  ____   __    
 / ___|_   _|/ \  |  _ \_   _|_ _| \ | |/ ___| | |   / _ \ / ___|  / \  | |     |  _ \|  _ \ / _ \ \/ /\ \ / /    
 \___ \ | | / _ \ | |_) || |  | ||  \| | |  _  | |  | | | | |     / _ \ | |     | |_) | |_) | | | \  /  \ V /     
  ___) || |/ ___ \|  _ < | |  | || |\  | |_| | | |__| |_| | |___ / ___ \| |___  |  __/|  _ <| |_| /  \   | |_ _ _ 
 |____/ |_/_/   \_\_| \_\|_| |___|_| \_|\____| |_____\___/ \____/_/   \_\_____| |_|   |_| \_\\___/_/\_\  |_(_|_|_)
                                                                                                                  
========================================================================================================================
13:10:00.779 [main ] INFO  d.g.t.t.t.TigerTestEnvMgr - Starting with port 64151
13:10:00.821 [main ] INFO  o.a.m.s.b.ForkedBooter - Starting ForkedBooter v3.2.5 using Java 17.0.7 with PID 26024 (started by dagmar.bruensing in C:\workspaces\tiger_work4\tiger\tiger-uitests)
13:10:00.821 [main ] INFO  o.a.m.s.b.ForkedBooter - No active profile set, falling back to 1 default profile: "default"
13:10:01.463 [main ] INFO  o.s.b.w.e.t.TomcatWebServer - Tomcat initialized with port 64151 (http)
13:10:01.464 [main ] INFO  o.a.c.h.Http11NioProtocol - Initializing ProtocolHandler ["http-nio-64151"]
13:10:01.465 [main ] INFO  o.a.c.c.StandardService - Starting service [Tomcat]
13:10:01.465 [main ] INFO  o.a.c.c.StandardEngine - Starting Servlet engine: [Apache Tomcat/10.1.24]
13:10:01.609 [main ] INFO  o.a.c.c.C.[.[.[/] - Initializing Spring embedded WebApplicationContext
13:10:01.609 [main ] INFO  o.s.b.w.s.c.ServletWebServerApplicationContext - Root WebApplicationContext: initialization completed in 783 ms
13:10:03.004 [main ] INFO  TigerProxy(local_tiger_proxy) - Tigerproxy has NO forward proxy configured!
13:10:04.439 [main ] INFO  d.g.t.t.m.l.LifeCycle - started on port: 64179
13:10:04.439 [main ] INFO  TigerProxy(local_tiger_proxy) - Proxy 'local_tiger_proxy' started on port 64179
13:10:04.605 [main ] INFO  o.s.b.a.w.s.WelcomePageHandlerMapping - Adding welcome page: class path resource [static/index.html]
13:10:05.883 [main ] INFO  o.s.b.a.e.w.EndpointLinksResolver - Exposing 1 endpoint beneath base path '/actuator'
13:10:05.904 [main ] INFO  o.a.c.h.Http11NioProtocol - Starting ProtocolHandler ["http-nio-64151"]
13:10:05.908 [main ] INFO  o.s.b.w.e.t.TomcatWebServer - Tomcat started on port 64151 (http) with context path '/'
13:10:05.909 [main ] INFO  o.s.m.s.b.SimpleBrokerMessageHandler - Starting...
13:10:05.909 [main ] INFO  o.s.m.s.b.SimpleBrokerMessageHandler - BrokerAvailabilityEvent[available=true, SimpleBrokerMessageHandler [org.springframework.messaging.simp.broker.DefaultSubscriptionRegistry@690337df]]
13:10:05.910 [main ] INFO  o.s.m.s.b.SimpleBrokerMessageHandler - Started.
13:10:05.923 [main ] INFO  o.a.m.s.b.ForkedBooter - Started ForkedBooter in 5.138 seconds (process running for 33.206)
13:10:05.925 [main ] INFO  d.g.t.t.p.TigerProxyConfigurator - Adding route for 'http://tiger.proxy'...
13:10:05.926 [main ] INFO  TigerProxy(local_tiger_proxy) - Adding route http://tiger.proxy -> http://localhost:64151
13:10:05.950 [main ] INFO  localTigerProxy - Local Tiger Proxy URL http://localhost:64179
13:10:05.966 [main ] INFO  localTigerProxy - Local Tiger Proxy UI http://localhost:64151/
13:10:05.967 [main ] INFO  localTigerProxy - Local Tiger Proxy started
13:10:05.973 [main ] INFO  d.g.t.t.t.TigerTestEnvMgr - Booting following server(s): [remoteTigerProxy, httpbin]
2024-07-24 13:10:06,005 INFO [ForkJoinPool.commonPool-worker-2] TgrSrv-remoteTigerProxy [AbstractTigerServer.java:279] Defaulting startup timeout sec to 20sec for server remoteTigerProxy
2024-07-24 13:10:06,011 INFO [ForkJoinPool.commonPool-worker-2] TgrSrv-remoteTigerProxy [AbstractTigerServer.java:421] Adding routes to local tiger proxy for server remoteTigerProxy...
2024-07-24 13:10:06,013 INFO [main] TgrSrv-httpbin [AbstractTigerServer.java:279] Defaulting startup timeout sec to 20sec for server httpbin
2024-07-24 13:10:06,015 INFO [main] TgrSrv-httpbin [AbstractTigerServer.java:421] Adding routes to local tiger proxy for server httpbin...
2024-07-24 13:10:06,017 INFO [ForkJoinPool.commonPool-worker-2] TgrSrv-remoteTigerProxy [TigerProxyServer.java:63] Entering pre-startup of tiger-proxy remoteTigerProxy
2024-07-24 13:10:06,017 INFO [main] TgrSrv-httpbin [HttpBinServer.java:34] Pre-startup of HttpBin server httpbin
2024-07-24 13:10:06,019 INFO [main] TgrSrv-httpbin [HttpBinServer.java:49] Actually performing startup of HttpBin-Server httpbin
2024-07-24 13:10:06,028 INFO [ForkJoinPool.commonPool-worker-2] TgrSrv-remoteTigerProxy [TigerProxyServer.java:104] Actually performing startup of tiger-proxy remoteTigerProxy
2024-07-24 13:10:06,030 INFO [ForkJoinPool.commonPool-worker-2] TgrSrv-remoteTigerProxy [AbstractTigerServer.java:421] Starting Tiger Proxy remoteTigerProxy at 63894...
13:10:06.151 [main ] INFO  o.e.j.s.Server - jetty-11.0.15; built: 2023-04-11T18:37:53.775Z; git: 5bc5e562c8d05c5862505aebe5cf83a61bdbcb96; jvm 17.0.7+7-LTS
13:10:06.234 [main ] INFO  o.e.j.s.AbstractConnector - Started ServerConnector@30c085f3{HTTP/1.1, (http/1.1)}{localhost:63892}
13:10:06.236 [main ] INFO  o.e.j.s.Server - Started Server@757501da{STARTING}[11.0.15,sto=0] @33519ms
13:10:06.307 [ForkJoinPool.commonPool-worker-2] INFO  o.s.b.SpringApplication - Starting application using Java 17.0.7 with PID 26024 (started by dagmar.bruensing in C:\workspaces\tiger_work4\tiger\tiger-uitests)
13:10:06.308 [ForkJoinPool.commonPool-worker-2] INFO  o.s.b.SpringApplication - No active profile set, falling back to 1 default profile: "default"
2024-07-24 13:10:06,575 INFO [awaitility-thread] TgrSrv-httpbin [AbstractExternalTigerServer.java:235] External server Startup OK for 'httpbin'
2024-07-24 13:10:06,576 INFO [awaitility-thread] TgrSrv-httpbin [AbstractTigerServer.java:405] Server httpbin up & healthy
2024-07-24 13:10:06,578 INFO [main] TgrSrv-httpbin [AbstractTigerServer.java:421] httpbin httpbin started
13:10:06.583 [main ] INFO  TigerProxy(local_tiger_proxy) - Adding route http://httpbin -> http://localhost:63892
2024-07-24 13:10:06,586 INFO [main] TgrSrv-httpbin [AbstractTigerServer.java:421] httpbin started
2024-07-24 13:10:06,588 INFO [main] TgrSrv-httpbin [AbstractTigerServer.java:405] httpbin READY
13:10:06.592 [pool-3-thread-1] INFO  d.g.t.t.t.TigerTestEnvMgr - Starting server remoteTigerProxy with status NEW
13:10:06.773 [http-nio-64151-exec-1] INFO  o.a.c.c.C.[.[.[/] - Initializing Spring DispatcherServlet 'dispatcherServlet'
13:10:06.773 [http-nio-64151-exec-1] INFO  o.s.w.s.DispatcherServlet - Initializing Servlet 'dispatcherServlet'
13:10:06.776 [http-nio-64151-exec-1] INFO  o.s.w.s.DispatcherServlet - Completed initialization in 3 ms
13:10:06.950 [ForkJoinPool.commonPool-worker-2] INFO  o.s.b.w.e.t.TomcatWebServer - Tomcat initialized with port 63894 (http)
13:10:06.952 [ForkJoinPool.commonPool-worker-2] INFO  o.a.c.h.Http11NioProtocol - Initializing ProtocolHandler ["http-nio-63894"]
13:10:06.953 [ForkJoinPool.commonPool-worker-2] INFO  o.a.c.c.StandardService - Starting service [Tomcat]
13:10:06.953 [ForkJoinPool.commonPool-worker-2] INFO  o.a.c.c.StandardEngine - Starting Servlet engine: [Apache Tomcat/10.1.24]
13:10:07.143 [ForkJoinPool.commonPool-worker-2] INFO  o.a.c.c.C.[.[.[/] - Initializing Spring embedded WebApplicationContext
13:10:07.143 [ForkJoinPool.commonPool-worker-2] INFO  o.s.b.w.s.c.ServletWebServerApplicationContext - Root WebApplicationContext: initialization completed in 831 ms
13:10:07.396 [ForkJoinPool.commonPool-worker-2] INFO  TigerProxy(remoteTigerProxy) - Tigerproxy has NO forward proxy configured!
13:10:07.973 [http-nio-64151-exec-4] INFO  d.g.t.t.p.c.TigerWebUiController - Returning 0 messages (0 in menu, 0 filtered) of total 0
13:10:08.087 [ForkJoinPool.commonPool-worker-2] INFO  d.g.t.t.m.l.LifeCycle - started on port: 63893
13:10:08.087 [ForkJoinPool.commonPool-worker-2] INFO  TigerProxy(remoteTigerProxy) - Proxy 'remoteTigerProxy' started on port 63893
13:10:08.088 [ForkJoinPool.commonPool-worker-2] INFO  TigerProxy(remoteTigerProxy) - Adding route http://httpbin -> http://localhost:63892
13:10:08.162 [ForkJoinPool.commonPool-worker-2] INFO  o.s.b.a.w.s.WelcomePageHandlerMapping - Adding welcome page: class path resource [static/index.html]
13:10:09.396 [ForkJoinPool.commonPool-worker-2] INFO  o.s.b.a.e.w.EndpointLinksResolver - Exposing 1 endpoint beneath base path '/actuator'
13:10:09.413 [ForkJoinPool.commonPool-worker-2] INFO  o.a.c.h.Http11NioProtocol - Starting ProtocolHandler ["http-nio-63894"]
13:10:09.417 [ForkJoinPool.commonPool-worker-2] INFO  o.s.b.w.e.t.TomcatWebServer - Tomcat started on port 63894 (http) with context path '/'
13:10:09.417 [ForkJoinPool.commonPool-worker-2] INFO  o.s.m.s.b.SimpleBrokerMessageHandler - Starting...
13:10:09.418 [ForkJoinPool.commonPool-worker-2] INFO  o.s.m.s.b.SimpleBrokerMessageHandler - BrokerAvailabilityEvent[available=true, SimpleBrokerMessageHandler [org.springframework.messaging.simp.broker.DefaultSubscriptionRegistry@250cc815]]
13:10:09.418 [ForkJoinPool.commonPool-worker-2] INFO  o.s.m.s.b.SimpleBrokerMessageHandler - Started.
13:10:09.428 [ForkJoinPool.commonPool-worker-2] INFO  o.s.b.SpringApplication - Started application in 3.395 seconds (process running for 36.712)
13:10:09.431 [ForkJoinPool.commonPool-worker-2] INFO  d.g.t.t.p.TigerProxyConfigurator - Adding route for 'http://tiger.proxy'...
13:10:09.431 [ForkJoinPool.commonPool-worker-2] INFO  TigerProxy(remoteTigerProxy) - Adding route http://tiger.proxy -> http://localhost:63894
13:10:09.650 [http-nio-63894-exec-1] INFO  o.a.c.c.C.[.[.[/] - Initializing Spring DispatcherServlet 'dispatcherServlet'
13:10:09.650 [http-nio-63894-exec-1] INFO  o.s.w.s.DispatcherServlet - Initializing Servlet 'dispatcherServlet'
13:10:09.651 [http-nio-63894-exec-1] INFO  o.s.w.s.DispatcherServlet - Completed initialization in 1 ms
2024-07-24 13:10:09,677 INFO [awaitility-thread] TgrSrv-remoteTigerProxy [AbstractExternalTigerServer.java:235] External server Startup OK for 'remoteTigerProxy'
2024-07-24 13:10:09,678 INFO [awaitility-thread] TgrSrv-remoteTigerProxy [AbstractTigerServer.java:405] Server remoteTigerProxy up & healthy
2024-07-24 13:10:09,680 INFO [ForkJoinPool.commonPool-worker-2] TgrSrv-remoteTigerProxy [AbstractTigerServer.java:421] tigerProxy remoteTigerProxy started
2024-07-24 13:10:09,681 INFO [ForkJoinPool.commonPool-worker-2] TgrSrv-remoteTigerProxy [AbstractTigerServer.java:421] remoteTigerProxy started
2024-07-24 13:10:09,682 INFO [ForkJoinPool.commonPool-worker-2] TgrSrv-remoteTigerProxy [AbstractTigerServer.java:405] remoteTigerProxy READY
13:10:09.683 [main ] INFO  d.g.t.t.t.TigerTestEnvMgr - Subscribing to traffic endpoints with local tiger proxy...
13:10:09.683 [main ] INFO  TigerProxy(local_tiger_proxy) - Subscribing to traffic endpoints for Tiger Proxy 'local_tiger_proxy'. Found 1 endpoints
13:10:09.813 [main ] INFO  o.b.j.p.PropertyUtils - Found string security property [jdk.tls.disabledAlgorithms]: SSLv3, TLSv1, TLSv1.1, RC4, DES, MD5withRSA, DH keySize < 1024, EC keySize < 224, 3DES_EDE_CBC, anon, NULL
13:10:09.814 [main ] INFO  o.b.j.p.PropertyUtils - Found string security property [jdk.certpath.disabledAlgorithms]: MD2, MD5, SHA1 jdkCA & usage TLSServer, RSA keySize < 1024, DSA keySize < 1024, EC keySize < 224, SHA1 usage SignedJAR & denyAfter 2019-01-01
13:10:09.815 [main ] WARN  o.b.j.p.DisabledAlgorithmConstraints - Ignoring unsupported entry in 'jdk.certpath.disabledAlgorithms': SHA1 jdkCA & usage TLSServer
13:10:09.815 [main ] WARN  o.b.j.p.DisabledAlgorithmConstraints - Ignoring unsupported entry in 'jdk.certpath.disabledAlgorithms': SHA1 usage SignedJAR & denyAfter 2019-01-01
13:10:09.837 [main ] INFO  o.b.j.p.PropertyUtils - Found boolean security property [keystore.type.compat]: true
13:10:09.837 [main ] INFO  o.b.j.p.PropertyUtils - Found string system property [java.home]: C:\Program Files\OpenJDK\jdk-17.0.7+7
13:10:10.244 [http-nio-63894-exec-2] INFO  o.b.j.p.PropertyUtils - Found string system property [java.home]: C:\Program Files\OpenJDK\jdk-17.0.7+7
13:10:10.529 [MockServer-remoteTigerProxy-workerEventLoop8] INFO  d.g.t.t.p.h.AbstractTigerRouteCallback - Received HTTP GET / User-Agent: 'unirest-java/3.1.00' Request-Length: 0 bytes => localhost:63894
13:10:10.613 [MockServer-Scheduler6] INFO  d.g.t.t.p.h.AbstractTigerRouteCallback - Returning HTTP 200 Response-Length: 78 KB
13:10:10.677 [main ] INFO  TigerRemoteProxyClient(local_tiger_proxy) - remote proxy at http://localhost:63894 is online, now connecting...
13:10:11.074 [main ] INFO  d.g.t.t.t.TigerTestEnvMgr - Finished set up test environment OK
13:10:11.074 [WebSocketClient-AsyncIO-16] INFO  TigerRemoteProxyClient(local_tiger_proxy) - Successfully opened stomp session 739507d1-7e0c-02f5-da1c-30222440c01d to url ws://localhost:63894/tracing
13:10:11.075 [main ] INFO  d.g.t.t.l.TigerDirector - 
========================================================================================================================
  _____ _____ ____ _____ _____ _   ___     __  ____  _____ _____   _   _ ____     ___  _  __
 |_   _| ____/ ___|_   _| ____| \ | \ \   / / / ___|| ____|_   _| | | | |  _ \   / _ \| |/ /
   | | |  _| \___ \ | | |  _| |  \| |\ \ / /  \___ \|  _|   | |   | | | | |_) | | | | | ' / 
   | | | |___ ___) || | | |___| |\  | \ V /    ___) | |___  | |   | |_| |  __/  | |_| | . \ 
   |_| |_____|____/ |_| |_____|_| \_|  \_/    |____/|_____| |_|    \___/|_|      \___/|_|\_\
                                                                                            
========================================================================================================================
13:10:11.076 [WebSocketClient-AsyncIO-16] INFO  d.g.t.t.p.c.TigerStompSessionHandler - Connecting to tracing point http://localhost:63894
13:10:11.121 [main ] INFO  d.g.t.t.t.TigerTestEnvMgr - SETTING TIGER PROXY http://localhost:64179...
[INFO] Running io.cucumber.junit.platform.engine.CucumberTestEngine
13:10:11.288 [main ] INFO  n.t.c.s.StepEventBus - Loading JUnit Platform configuration parameters from classpath resource [junit-platform.properties].
13:10:11.357 [main ] INFO   - 

-------------------------------------------------------------------------------------
     _______. _______ .______       _______ .__   __.  __  .___________.____    ____ 
    /       ||   ____||   _  \     |   ____||  \ |  | |  | |           |\   \  /   / 
   |   (----`|  |__   |  |_)  |    |  |__   |   \|  | |  | `---|  |----` \   \/   /  
    \   \    |   __|  |      /     |   __|  |  . `  | |  |     |  |       \_    _/   
.----)   |   |  |____ |  |\  \----.|  |____ |  |\   | |  |     |  |         |  |     
|_______/    |_______|| _| `._____||_______||__| \__| |__|     |__|         |__|    
                                                                                     
 News and tutorials at https://serenity-bdd.info                                     
 Documentation at https://serenity-bdd.github.io                                     
 Test Automation Training and Coaching: https://www.serenity-dojo.com                
 Commercial Support: https://www.serenity-dojo.com/serenity-bdd-enterprise-support   
 Join the Serenity Community on Gitter: https://gitter.im/serenity-bdd/serenity-core 
-------------------------------------------------------------------------------------

13:10:11.366 [main ] INFO   - Test Suite Started: Playwright Test feature
13:10:11.446 [main ] INFO  i.c.c.p.TigerSerenityReporterPlugin - Feature file started: file:///C:/workspaces/tiger_work4/tiger/tiger-uitests/src/test/resources/features/01_PlaywrightTest.feature
13:10:11.768 [main ] INFO   - 
  _____   ___   ___   _____     ___   _____     _     ___   _____   ___   ___  
 |_   _| | __| / __| |_   _|   / __| |_   _|   /_\   | _ \ |_   _| | __| |   \ 
   | |   | _|  \__ \   | |     \__ \   | |    / _ \  |   /   | |   | _|  | |) |
   |_|   |___| |___/   |_|     |___/   |_|   /_/ \_\ |_|_\   |_|   |___| |___/ 

Simple Get Request(playwright-test-feature;simple-get-request)
--------------------------------------------------------------------------------
13:10:11.793 [main ] INFO  i.c.c.p.r.SerenityReporterCallbacks - Scenario location Location{line=6, column=3}
13:10:12.157 [main ] INFO  d.g.t.t.g.HttpGlueCode - Sending empty GET request to http://httpbin
13:10:13.620 [main ] INFO  o.b.j.p.PropertyUtils - Found string system property [java.home]: C:\Program Files\OpenJDK\jdk-17.0.7+7
13:10:13.805 [MockServer-local_tiger_proxy-workerEventLoop11] INFO  d.g.t.t.p.h.AbstractTigerRouteCallback - Received HTTP GET / User-Agent: 'Apache-HttpClient/4.5.13 (Java/17.0.7)' Request-Length: 0 bytes => http://localhost:63892
13:10:13.834 [MockServer-Scheduler2] INFO  d.g.t.t.p.h.AbstractTigerRouteCallback - Returning HTTP 200 Response-Length: 243 bytes
13:10:14.091 [main ] INFO  d.g.t.t.l.r.SerenityReportUtils - cURL: curl -v -H "Accept: */*" -X GET "http://httpbin" 
13:10:14.183 [http-nio-64151-exec-10] INFO  d.g.t.t.p.c.TigerWebUiController - Returning 2 messages (2 in menu, 2 filtered) of total 2
13:10:14.865 [main ] INFO  d.g.t.t.g.HttpGlueCode - Sending empty GET request to http://httpbin/get
13:10:14.892 [main ] INFO  o.b.j.p.PropertyUtils - Found string system property [java.home]: C:\Program Files\OpenJDK\jdk-17.0.7+7
13:10:14.926 [MockServer-local_tiger_proxy-workerEventLoop14] INFO  d.g.t.t.p.h.AbstractTigerRouteCallback - Received HTTP GET /get User-Agent: 'Apache-HttpClient/4.5.13 (Java/17.0.7)' Request-Length: 0 bytes => http://localhost:63892
13:10:14.939 [MockServer-Scheduler3] INFO  d.g.t.t.p.h.AbstractTigerRouteCallback - Returning HTTP 200 Response-Length: 323 bytes
13:10:14.964 [main ] INFO  d.g.t.t.l.r.SerenityReportUtils - cURL: curl -v -H "Accept: */*" -X GET "http://httpbin/get" 
13:10:14.971 [awaitility[Waiting for matching request]] WARN  d.g.t.t.l.r.RbelMessageValidator - Found more then one candidate message. Returning last message. This may not be deterministic!
13:10:14.976 [awaitility[Waiting for matching request]] INFO  d.g.t.t.l.r.RbelMessageValidator - Found the following 2 messages:
=>	/ : RbelMultiMap(values=[(method,[RbelElement(53e9bcdc-17bb-4494-831a-f0f75865d9df) at $.method with facets ]), (path,[RbelElement(edc30f1b-d4ff-4d80-aa90-b0c6d851cdb2) at $.path with facets RbelUriFacet])])
=>	/get : RbelMultiMap(values=[(method,[RbelElement(587e032c-8132-495c-97b7-b508f28c457a) at $.method with facets ]), (path,[RbelElement(bbe52c7d-841f-46be-96a2-f93d7ed16bdb) at $.path with facets RbelUriFacet])]) 
13:10:15.409 [http-nio-64151-exec-9] INFO  d.g.t.t.p.c.TigerWebUiController - Returning 2 messages (2 in menu, 2 filtered) of total 4
13:10:15.498 [main ] INFO  i.c.c.p.r.SerenityReporterCallbacks - ------------ STATUS: 1 passed 
13:10:15.537 [main ] INFO  i.c.c.p.r.SerenityReporterCallbacks - Saved HTML report of scenario 'Simple Get Request' to C:\workspaces\tiger_work4\tiger\tiger-uitests\target\rbellogs\rbel_Simple_Get_Request_2024-07-24_13-10-15.html
13:10:15.544 [main ] INFO   - 
  _____   ___   ___   _____     ___     _     ___   ___   ___   ___  
 |_   _| | __| / __| |_   _|   | _ \   /_\   / __| / __| | __| |   \ 
   | |   | _|  \__ \   | |     |  _/  / _ \  \__ \ \__ \ | _|  | |) |
   |_|   |___| |___/   |_|     |_|   /_/ \_\ |___/ |___/ |___| |___/ 

Simple Get Request
----------------------------------------------------------------------
13:10:15.595 [main ] INFO   - 
  _____   ___   ___   _____     ___   _____     _     ___   _____   ___   ___  
 |_   _| | __| / __| |_   _|   / __| |_   _|   /_\   | _ \ |_   _| | __| |   \ 
   | |   | _|  \__ \   | |     \__ \   | |    / _ \  |   /   | |   | _|  | |) |
   |_|   |___| |___/   |_|     |___/   |_|   /_/ \_\ |_|_\   |_|   |___| |___/ 

Get Request to folder(playwright-test-feature;get-request-to-folder)
--------------------------------------------------------------------------------
13:10:15.600 [main ] INFO  i.c.c.p.r.SerenityReporterCallbacks - Scenario location Location{line=15, column=3}
13:10:15.625 [main ] INFO  d.g.t.t.g.HttpGlueCode - Sending empty GET request to http://httpbin/get
13:10:15.643 [main ] INFO  o.b.j.p.PropertyUtils - Found string system property [java.home]: C:\Program Files\OpenJDK\jdk-17.0.7+7
13:10:15.670 [MockServer-local_tiger_proxy-workerEventLoop17] INFO  d.g.t.t.p.h.AbstractTigerRouteCallback - Received HTTP GET /get User-Agent: 'Apache-HttpClient/4.5.13 (Java/17.0.7)' Request-Length: 0 bytes => http://localhost:63892
13:10:15.675 [MockServer-Scheduler13] INFO  d.g.t.t.p.h.AbstractTigerRouteCallback - Returning HTTP 200 Response-Length: 323 bytes
13:10:15.691 [main ] INFO  d.g.t.t.l.r.SerenityReportUtils - cURL: curl -v -H "Accept: */*" -X GET "http://httpbin/get" 
13:10:15.764 [http-nio-64151-exec-1] INFO  d.g.t.t.p.c.TigerWebUiController - Returning 2 messages (2 in menu, 2 filtered) of total 6
13:10:16.229 [main ] INFO  i.c.c.p.r.SerenityReporterCallbacks - ------------ STATUS: 2 passed 
13:10:16.242 [main ] INFO  i.c.c.p.r.SerenityReporterCallbacks - Saved HTML report of scenario 'Get Request to folder' to C:\workspaces\tiger_work4\tiger\tiger-uitests\target\rbellogs\rbel_Get_Request_to_folder_2024-07-24_13-10-16.html
13:10:16.244 [main ] INFO   - 
  _____   ___   ___   _____     ___     _     ___   ___   ___   ___  
 |_   _| | __| / __| |_   _|   | _ \   /_\   / __| / __| | __| |   \ 
   | |   | _|  \__ \   | |     |  _/  / _ \  \__ \ \__ \ | _|  | |) |
   |_|   |___| |___/   |_|     |_|   /_/ \_\ |___/ |___/ |___| |___/ 

Get Request to folder
----------------------------------------------------------------------
13:10:16.278 [main ] INFO   - 
  _____   ___   ___   _____     ___   _____     _     ___   _____   ___   ___  
 |_   _| | __| / __| |_   _|   / __| |_   _|   /_\   | _ \ |_   _| | __| |   \ 
   | |   | _|  \__ \   | |     \__ \   | |    / _ \  |   /   | |   | _|  | |) |
   |_|   |___| |___/   |_|     |___/   |_|   /_/ \_\ |_|_\   |_|   |___| |___/ 

PUT Request to folder(playwright-test-feature;put-request-to-folder)
--------------------------------------------------------------------------------
13:10:16.282 [main ] INFO  i.c.c.p.r.SerenityReporterCallbacks - Scenario location Location{line=21, column=3}
13:10:16.305 [main ] INFO  d.g.t.t.g.HttpGlueCode - Sending empty PUT request to http://httpbin/put
13:10:16.325 [main ] INFO  o.b.j.p.PropertyUtils - Found string system property [java.home]: C:\Program Files\OpenJDK\jdk-17.0.7+7
13:10:16.354 [MockServer-local_tiger_proxy-workerEventLoop12] INFO  d.g.t.t.p.h.AbstractTigerRouteCallback - Received HTTP PUT /put User-Agent: 'Apache-HttpClient/4.5.13 (Java/17.0.7)' Request-Length: 0 bytes => http://localhost:63892
13:10:16.361 [MockServer-Scheduler2] INFO  d.g.t.t.p.h.AbstractTigerRouteCallback - Returning HTTP 200 Response-Length: 323 bytes
13:10:16.377 [main ] INFO  d.g.t.t.l.r.SerenityReportUtils - cURL: curl -v -H "Accept: */*" -X PUT -d '' "http://httpbin/put" 
13:10:16.432 [http-nio-64151-exec-3] INFO  d.g.t.t.p.c.TigerWebUiController - Returning 2 messages (2 in menu, 2 filtered) of total 8
13:10:16.912 [main ] INFO  i.c.c.p.r.SerenityReporterCallbacks - ------------ STATUS: 3 passed 
13:10:16.927 [main ] INFO  i.c.c.p.r.SerenityReporterCallbacks - Saved HTML report of scenario 'PUT Request to folder' to C:\workspaces\tiger_work4\tiger\tiger-uitests\target\rbellogs\rbel_PUT_Request_to_folder_2024-07-24_13-10-16.html
13:10:16.929 [main ] INFO   - 
  _____   ___   ___   _____     ___     _     ___   ___   ___   ___  
 |_   _| | __| / __| |_   _|   | _ \   /_\   / __| / __| | __| |   \ 
   | |   | _|  \__ \   | |     |  _/  / _ \  \__ \ \__ \ | _|  | |) |
   |_|   |___| |___/   |_|     |_|   /_/ \_\ |___/ |___/ |___| |___/ 

PUT Request to folder
----------------------------------------------------------------------
13:10:16.965 [main ] INFO   - 
  _____   ___   ___   _____     ___   _____     _     ___   _____   ___   ___  
 |_   _| | __| / __| |_   _|   / __| |_   _|   /_\   | _ \ |_   _| | __| |   \ 
   | |   | _|  \__ \   | |     \__ \   | |    / _ \  |   /   | |   | _|  | |) |
   |_|   |___| |___/   |_|     |___/   |_|   /_/ \_\ |_|_\   |_|   |___| |___/ 

PUT Request with body to folder(playwright-test-feature;put-request-with-body-to-folder)
--------------------------------------------------------------------------------
13:10:16.969 [main ] INFO  i.c.c.p.r.SerenityReporterCallbacks - Scenario location Location{line=27, column=3}
13:10:17.041 [main ] INFO  o.b.j.p.PropertyUtils - Found string system property [java.home]: C:\Program Files\OpenJDK\jdk-17.0.7+7
13:10:17.089 [MockServer-local_tiger_proxy-workerEventLoop15] INFO  d.g.t.t.p.h.AbstractTigerRouteCallback - Received HTTP PUT /put User-Agent: 'Apache-HttpClient/4.5.13 (Java/17.0.7)' Request-Length: 11 bytes => http://localhost:63892
13:10:17.107 [MockServer-Scheduler16] INFO  d.g.t.t.p.h.AbstractTigerRouteCallback - Returning HTTP 200 Response-Length: 412 bytes
13:10:17.124 [main ] INFO  d.g.t.t.l.r.SerenityReportUtils - cURL: curl -v -H "Accept: */*" -H "Content-Type: application/x-www-form-urlencoded; charset=ISO-8859-1" -X PUT -d '' "http://httpbin/put" 
13:10:17.155 [http-nio-64151-exec-2] INFO  d.g.t.t.p.c.TigerWebUiController - Returning 2 messages (2 in menu, 2 filtered) of total 10
13:10:17.671 [main ] INFO  i.c.c.p.r.SerenityReporterCallbacks - ------------ STATUS: 4 passed 
13:10:17.682 [main ] INFO  i.c.c.p.r.SerenityReporterCallbacks - Saved HTML report of scenario 'PUT Request with body to folder' to C:\workspaces\tiger_work4\tiger\tiger-uitests\target\rbellogs\rbel_PUT_Request_with_body_to_folder_2024-07-24_13-10-17.html
13:10:17.683 [main ] INFO   - 
  _____   ___   ___   _____     ___     _     ___   ___   ___   ___  
 |_   _| | __| / __| |_   _|   | _ \   /_\   / __| / __| | __| |   \ 
   | |   | _|  \__ \   | |     |  _/  / _ \  \__ \ \__ \ | _|  | |) |
   |_|   |___| |___/   |_|     |_|   /_/ \_\ |___/ |___/ |___| |___/ 

PUT Request with body to folder
----------------------------------------------------------------------
13:10:17.709 [main ] INFO   - 
  _____   ___   ___   _____     ___   _____     _     ___   _____   ___   ___  
 |_   _| | __| / __| |_   _|   / __| |_   _|   /_\   | _ \ |_   _| | __| |   \ 
   | |   | _|  \__ \   | |     \__ \   | |    / _ \  |   /   | |   | _|  | |) |
   |_|   |___| |___/   |_|     |___/   |_|   /_/ \_\ |_|_\   |_|   |___| |___/ 

DELETE Request without body shall fail(playwright-test-feature;delete-request-without-body-shall-fail)
--------------------------------------------------------------------------------
13:10:17.715 [main ] INFO  i.c.c.p.r.SerenityReporterCallbacks - Scenario location Location{line=37, column=3}
13:10:17.733 [main ] INFO  d.g.t.t.g.HttpGlueCode - Sending empty DELETE request to http://httpbin/not_a_file
13:10:17.754 [main ] INFO  o.b.j.p.PropertyUtils - Found string system property [java.home]: C:\Program Files\OpenJDK\jdk-17.0.7+7
13:10:17.769 [MockServer-local_tiger_proxy-workerEventLoop11] INFO  d.g.t.t.p.h.AbstractTigerRouteCallback - Received HTTP DELETE /not_a_file User-Agent: 'Apache-HttpClient/4.5.13 (Java/17.0.7)' Request-Length: 0 bytes => http://localhost:63892
13:10:17.773 [MockServer-Scheduler3] INFO  d.g.t.t.p.h.AbstractTigerRouteCallback - Returning HTTP 501 Response-Length: 0 bytes
13:10:17.781 [main ] INFO  d.g.t.t.l.r.SerenityReportUtils - cURL: curl -v -H "Accept: */*" -X DELETE "http://httpbin/not_a_file" 
13:10:18.187 [http-nio-64151-exec-6] INFO  d.g.t.t.p.c.TigerWebUiController - Returning 2 messages (2 in menu, 2 filtered) of total 12
13:10:18.364 [main ] INFO  i.c.c.p.r.SerenityReporterCallbacks - ------------ STATUS: 4 passed 1 failed or error
13:10:18.375 [main ] INFO  i.c.c.p.r.SerenityReporterCallbacks - Saved HTML report of scenario 'DELETE Request without body shall fail' to C:\workspaces\tiger_work4\tiger\tiger-uitests\target\rbellogs\rbel_DELETE_Request_without_body_shall_fail_2024-07-24_13-10-18.html
13:10:18.379 [main ] ERROR  - 
  _____   ___   ___   _____     ___     _     ___   _      ___   ___  
 |_   _| | __| / __| |_   _|   | __|   /_\   |_ _| | |    | __| |   \ 
   | |   | _|  \__ \   | |     | _|   / _ \   | |  | |__  | _|  | |) |
   |_|   |___| |___/   |_|     |_|   /_/ \_\ |___| |____| |___| |___/ 

DELETE Request without body shall fail
-----------------------------------------------------------------------
13:10:18.384 [main ] ERROR  -     Test failed at step: And TGR assert "!{rbel:currentRequestAsString('$.method')}" matches "THIS_ON_PURPOSE_SHALL_NEVER_MATCH"
13:10:18.385 [main ] ERROR  -     Expecting actual:  "DELETE"to match pattern:  "THIS_ON_PURPOSE_SHALL_NEVER_MATCH"
13:10:18.423 [main ] INFO   - 
  _____   ___   ___   _____     ___   _____     _     ___   _____   ___   ___  
 |_   _| | __| / __| |_   _|   / __| |_   _|   /_\   | _ \ |_   _| | __| |   \ 
   | |   | _|  \__ \   | |     \__ \   | |    / _ \  |   /   | |   | _|  | |) |
   |_|   |___| |___/   |_|     |___/   |_|   /_/ \_\ |_|_\   |_|   |___| |___/ 

Request with custom header(playwright-test-feature;request-with-custom-header)
--------------------------------------------------------------------------------
13:10:18.426 [main ] INFO  i.c.c.p.r.SerenityReporterCallbacks - Scenario location Location{line=43, column=3}
13:10:18.446 [main ] INFO  d.g.t.t.g.HttpGlueCode - Sending empty GET request with headers to http://httpbin/not_a_file
13:10:18.465 [main ] INFO  o.b.j.p.PropertyUtils - Found string system property [java.home]: C:\Program Files\OpenJDK\jdk-17.0.7+7
13:10:18.484 [MockServer-local_tiger_proxy-workerEventLoop14] INFO  d.g.t.t.p.h.AbstractTigerRouteCallback - Received HTTP GET /not_a_file User-Agent: 'Apache-HttpClient/4.5.13 (Java/17.0.7)' Request-Length: 0 bytes => http://localhost:63892
13:10:18.490 [MockServer-Scheduler18] INFO  d.g.t.t.p.h.AbstractTigerRouteCallback - Returning HTTP 501 Response-Length: 0 bytes
13:10:18.499 [main ] INFO  d.g.t.t.l.r.SerenityReportUtils - cURL: curl -v -H "schmoo: lar" -H "foo: bar" -H "Accept: */*" -X GET "http://httpbin/not_a_file" 
13:10:18.568 [http-nio-64151-exec-4] INFO  d.g.t.t.p.c.TigerWebUiController - Returning 2 messages (2 in menu, 2 filtered) of total 14
13:10:19.033 [main ] INFO  i.c.c.p.r.SerenityReporterCallbacks - ------------ STATUS: 5 passed 1 failed or error
13:10:19.043 [main ] INFO  i.c.c.p.r.SerenityReporterCallbacks - Saved HTML report of scenario 'Request with custom header' to C:\workspaces\tiger_work4\tiger\tiger-uitests\target\rbellogs\rbel_Request_with_custom_header_2024-07-24_13-10-19.html
13:10:19.044 [main ] INFO   - 
  _____   ___   ___   _____     ___     _     ___   ___   ___   ___  
 |_   _| | __| / __| |_   _|   | _ \   /_\   / __| / __| | __| |   \ 
   | |   | _|  \__ \   | |     |  _/  / _ \  \__ \ \__ \ | _|  | |) |
   |_|   |___| |___/   |_|     |_|   /_/ \_\ |___/ |___/ |___| |___/ 

Request with custom header
----------------------------------------------------------------------
13:10:19.064 [main ] INFO   - 
  _____   ___   ___   _____     ___   _____     _     ___   _____   ___   ___  
 |_   _| | __| / __| |_   _|   / __| |_   _|   /_\   | _ \ |_   _| | __| |   \ 
   | |   | _|  \__ \   | |     \__ \   | |    / _ \  |   /   | |   | _|  | |) |
   |_|   |___| |___/   |_|     |___/   |_|   /_/ \_\ |_|_\   |_|   |___| |___/ 

Request with default header(playwright-test-feature;request-with-default-header)
--------------------------------------------------------------------------------
13:10:19.068 [main ] INFO  i.c.c.p.r.SerenityReporterCallbacks - Scenario location Location{line=51, column=3}
13:10:19.088 [main ] INFO  d.g.t.t.g.HttpGlueCode - Sending empty GET request to http://httpbin/not_a_file
13:10:19.104 [main ] INFO  o.b.j.p.PropertyUtils - Found string system property [java.home]: C:\Program Files\OpenJDK\jdk-17.0.7+7
13:10:19.122 [MockServer-local_tiger_proxy-workerEventLoop17] INFO  d.g.t.t.p.h.AbstractTigerRouteCallback - Received HTTP GET /not_a_file User-Agent: 'Apache-HttpClient/4.5.13 (Java/17.0.7)' Request-Length: 0 bytes => http://localhost:63892
13:10:19.126 [MockServer-Scheduler13] INFO  d.g.t.t.p.h.AbstractTigerRouteCallback - Returning HTTP 501 Response-Length: 0 bytes
13:10:19.135 [main ] INFO  d.g.t.t.l.r.SerenityReportUtils - cURL: curl -v -H "key: value" -H "Accept: */*" -X GET "http://httpbin/not_a_file" 
13:10:19.675 [main ] INFO  o.b.j.p.PropertyUtils - Found string system property [java.home]: C:\Program Files\OpenJDK\jdk-17.0.7+7
13:10:19.686 [http-nio-64151-exec-5] INFO  d.g.t.t.p.c.TigerWebUiController - Returning 2 messages (2 in menu, 2 filtered) of total 16
13:10:19.702 [MockServer-local_tiger_proxy-workerEventLoop12] INFO  d.g.t.t.p.h.AbstractTigerRouteCallback - Received HTTP POST /not_a_file User-Agent: 'Apache-HttpClient/4.5.13 (Java/17.0.7)' Request-Length: 11 bytes => http://localhost:63892
13:10:19.706 [MockServer-Scheduler19] INFO  d.g.t.t.p.h.AbstractTigerRouteCallback - Returning HTTP 501 Response-Length: 0 bytes
13:10:19.712 [main ] INFO  d.g.t.t.l.r.SerenityReportUtils - cURL: curl -v -H "key: value" -H "Accept: */*" -H "Content-Type: application/x-www-form-urlencoded; charset=ISO-8859-1 --data "hello=world" " -X POST "http://httpbin/not_a_file" 
13:10:19.719 [awaitility[Waiting for matching request]] WARN  d.g.t.t.l.r.RbelMessageValidator - Found more then one candidate message. Returning last message. This may not be deterministic!
13:10:19.719 [awaitility[Waiting for matching request]] INFO  d.g.t.t.l.r.RbelMessageValidator - Found the following 2 messages:
=>	/not_a_file : RbelMultiMap(values=[(method,[RbelElement(299058ea-9b29-4f9f-90e6-d550693f443a) at $.method with facets ]), (path,[RbelElement(2a0a40c0-b1ad-440a-855c-abafc27b92ab) at $.path with facets RbelUriFacet])])
=>	/not_a_file : RbelMultiMap(values=[(method,[RbelElement(6c58ab43-7566-4ff5-9a62-827f1c22dcfe) at $.method with facets ]), (path,[RbelElement(a24d2092-12ea-4714-b94a-3e3076b4d39e) at $.path with facets RbelUriFacet])]) 
13:10:20.247 [main ] INFO  i.c.c.p.r.SerenityReporterCallbacks - ------------ STATUS: 6 passed 1 failed or error
13:10:20.259 [main ] INFO  i.c.c.p.r.SerenityReporterCallbacks - Saved HTML report of scenario 'Request with default header' to C:\workspaces\tiger_work4\tiger\tiger-uitests\target\rbellogs\rbel_Request_with_default_header_2024-07-24_13-10-20.html
13:10:20.260 [main ] INFO   - 
  _____   ___   ___   _____     ___     _     ___   ___   ___   ___  
 |_   _| | __| / __| |_   _|   | _ \   /_\   / __| / __| | __| |   \ 
   | |   | _|  \__ \   | |     |  _/  / _ \  \__ \ \__ \ | _|  | |) |
   |_|   |___| |___/   |_|     |_|   /_/ \_\ |___/ |___/ |___| |___/ 

Request with default header
----------------------------------------------------------------------
13:10:20.281 [main ] INFO   - 
  _____   ___   ___   _____     ___   _____     _     ___   _____   ___   ___  
 |_   _| | __| / __| |_   _|   / __| |_   _|   /_\   | _ \ |_   _| | __| |   \ 
   | |   | _|  \__ \   | |     \__ \   | |    / _ \  |   /   | |   | _|  | |) |
   |_|   |___| |___/   |_|     |___/   |_|   /_/ \_\ |_|_\   |_|   |___| |___/ 

Request with custom and default header(playwright-test-feature;request-with-custom-and-default-header)
--------------------------------------------------------------------------------
13:10:20.284 [main ] INFO  i.c.c.p.r.SerenityReporterCallbacks - Scenario location Location{line=63, column=3}
13:10:20.304 [main ] INFO  d.g.t.t.g.HttpGlueCode - Sending empty GET request with headers to http://httpbin/not_a_file
13:10:20.319 [main ] INFO  o.b.j.p.PropertyUtils - Found string system property [java.home]: C:\Program Files\OpenJDK\jdk-17.0.7+7
13:10:20.339 [MockServer-local_tiger_proxy-workerEventLoop15] INFO  d.g.t.t.p.h.AbstractTigerRouteCallback - Received HTTP GET /not_a_file User-Agent: 'Apache-HttpClient/4.5.13 (Java/17.0.7)' Request-Length: 0 bytes => http://localhost:63892
13:10:20.343 [MockServer-Scheduler2] INFO  d.g.t.t.p.h.AbstractTigerRouteCallback - Returning HTTP 501 Response-Length: 0 bytes
13:10:20.349 [main ] INFO  d.g.t.t.l.r.SerenityReportUtils - cURL: curl -v -H "key: value" -H "foo: bar" -H "key: value" -H "Accept: */*" -X GET "http://httpbin/not_a_file" 
13:10:20.370 [http-nio-64151-exec-7] INFO  d.g.t.t.p.c.TigerWebUiController - Returning 4 messages (4 in menu, 4 filtered) of total 20
??? (GET /not_a_file HTTP/1.1\r\nAccept: */*\r\nfoo: ba...) (RbelTcpIpMessageFacet,RbelRequestFacet,RbelHttpMessageFacet,RbelMessageTimingFacet,TracingMessagePairFacet,RbelHttpRequestFacet,TracingMessagePairFacet)
   ???sender (127.0.0.1:64212) (RbelHostnameFacet)
   |  ???port (64212) (RbelValueFacet)
   |  ???domain (127.0.0.1) (RbelValueFacet)
   ???receiver (httpbin:80) (RbelHostnameFacet)
   |  ???port (80) (RbelValueFacet)
   |  ???domain (httpbin) (RbelValueFacet)
   ???body ()
   ???header (Accept: */*\r\nfoo: bar\r\nkey: value\r\nProxy-Con...) (RbelHttpHeaderFacet)
   |  ???Accept (*/*)
   |  ???foo (bar)
   |  ???key (value)
   |  ???Proxy-Connection (Keep-Alive)
   |  ???User-Agent (Apache-HttpClient/4.5.13 (Java/17.0.7))
   |  ???Accept-Encoding (gzip,deflate)
   |  ???content-length (0)
   |  ???Host (localhost:63892) (RbelUriFacet)
   |     ???basicPath (localhost:63892) (RbelValueFacet)
   ???httpVersion (HTTP/1.1)
   ???method (GET)
   ???path (/not_a_file) (RbelUriFacet)
      ???basicPath (/not_a_file) (RbelValueFacet)

13:10:20.888 [main ] INFO  i.c.c.p.r.SerenityReporterCallbacks - ------------ STATUS: 7 passed 1 failed or error
13:10:20.899 [main ] INFO  i.c.c.p.r.SerenityReporterCallbacks - Saved HTML report of scenario 'Request with custom and default header' to C:\workspaces\tiger_work4\tiger\tiger-uitests\target\rbellogs\rbel_Request_with_custom_and_default_header_2024-07-24_13-10-20.html
13:10:20.900 [main ] INFO   - 
  _____   ___   ___   _____     ___     _     ___   ___   ___   ___  
 |_   _| | __| / __| |_   _|   | _ \   /_\   / __| / __| | __| |   \ 
   | |   | _|  \__ \   | |     |  _/  / _ \  \__ \ \__ \ | _|  | |) |
   |_|   |___| |___/   |_|     |_|   /_/ \_\ |___/ |___/ |___| |___/ 

Request with custom and default header
----------------------------------------------------------------------
13:10:20.921 [main ] INFO   - 
  _____   ___   ___   _____     ___   _____     _     ___   _____   ___   ___  
 |_   _| | __| / __| |_   _|   / __| |_   _|   /_\   | _ \ |_   _| | __| |   \ 
   | |   | _|  \__ \   | |     \__ \   | |    / _ \  |   /   | |   | _|  | |) |
   |_|   |___| |___/   |_|     |___/   |_|   /_/ \_\ |_|_\   |_|   |___| |___/ 

Request with DataTables Test(playwright-test-feature;request-with-datatables-test)
--------------------------------------------------------------------------------
13:10:20.924 [main ] INFO  i.c.c.p.r.SerenityReporterCallbacks - Scenario location Location{line=72, column=3}
13:10:20.967 [main ] INFO  o.b.j.p.PropertyUtils - Found string system property [java.home]: C:\Program Files\OpenJDK\jdk-17.0.7+7
13:10:20.982 [MockServer-local_tiger_proxy-workerEventLoop11] INFO  d.g.t.t.p.h.AbstractTigerRouteCallback - Received HTTP POST /not_a_file User-Agent: 'Apache-HttpClient/4.5.13 (Java/17.0.7)' Request-Length: 79 bytes => http://localhost:63892
13:10:20.986 [MockServer-Scheduler20] INFO  d.g.t.t.p.h.AbstractTigerRouteCallback - Returning HTTP 501 Response-Length: 0 bytes
13:10:20.994 [main ] INFO  d.g.t.t.l.r.SerenityReportUtils - cURL: curl -v -H "key: value" -H "Accept: */*" -H "Content-Type: application/x-www-form-urlencoded; charset=ISO-8859-1 --data "my_cool_param=client_id&state=some_value&redirect_uri=https%3A%2F%2Fmy.redirect" " -X POST "http://httpbin/not_a_file" 
13:10:21.064 [http-nio-64151-exec-8] INFO  d.g.t.t.p.c.TigerWebUiController - Returning 2 messages (2 in menu, 2 filtered) of total 22
??? (POST /not_a_file HTTP/1.1\r\nAccept: */*\r\nkey: v...) (RbelTcpIpMessageFacet,RbelRequestFacet,RbelHttpMessageFacet,RbelMessageTimingFacet,TracingMessagePairFacet,RbelHttpRequestFacet,TracingMessagePairFacet)
   ???sender (127.0.0.1:64214) (RbelHostnameFacet)
   |  ???port (64214) (RbelValueFacet)
   |  ???domain (127.0.0.1) (RbelValueFacet)
   ???receiver (httpbin:80) (RbelHostnameFacet)
   |  ???port (80) (RbelValueFacet)
   |  ???domain (httpbin) (RbelValueFacet)
   ???body (my_cool_param=client_id&state=some_value&redirect_...) (RbelHttpFormDataFacet)
   |  ???my_cool_param (client_id)
   |  ???state (some_value)
   |  ???redirect_uri (https%3A%2F%2Fmy.redirect)
   ???header (Accept: */*\r\nkey: value\r\nContent-Type: applica...) (RbelHttpHeaderFacet)
   |  ???Accept (*/*)
   |  ???key (value)
   |  ???Content-Type (application/x-www-form-urlencoded; charset=ISO-885...)
   |  ???Content-Length (79)
   |  ???Proxy-Connection (Keep-Alive)
   |  ???User-Agent (Apache-HttpClient/4.5.13 (Java/17.0.7))
   |  ???Accept-Encoding (gzip,deflate)
   |  ???Host (localhost:63892) (RbelUriFacet)
   |     ???basicPath (localhost:63892) (RbelValueFacet)
   ???httpVersion (HTTP/1.1)
   ???method (POST)
   ???path (/not_a_file) (RbelUriFacet)
      ???basicPath (/not_a_file) (RbelValueFacet)

13:10:21.536 [main ] INFO  i.c.c.p.r.SerenityReporterCallbacks - ------------ STATUS: 8 passed 1 failed or error
13:10:21.549 [main ] INFO  i.c.c.p.r.SerenityReporterCallbacks - Saved HTML report of scenario 'Request with DataTables Test' to C:\workspaces\tiger_work4\tiger\tiger-uitests\target\rbellogs\rbel_Request_with_DataTables_Test_2024-07-24_13-10-21.html
13:10:21.550 [main ] INFO   - 
  _____   ___   ___   _____     ___     _     ___   ___   ___   ___  
 |_   _| | __| / __| |_   _|   | _ \   /_\   / __| / __| | __| |   \ 
   | |   | _|  \__ \   | |     |  _/  / _ \  \__ \ \__ \ | _|  | |) |
   |_|   |___| |___/   |_|     |_|   /_/ \_\ |___/ |___/ |___| |___/ 

Request with DataTables Test
----------------------------------------------------------------------
13:10:21.572 [main ] INFO   - 
  _____   ___   ___   _____     ___   _____     _     ___   _____   ___   ___  
 |_   _| | __| / __| |_   _|   / __| |_   _|   /_\   | _ \ |_   _| | __| |   \ 
   | |   | _|  \__ \   | |     \__ \   | |    / _ \  |   /   | |   | _|  | |) |
   |_|   |___| |___/   |_|     |___/   |_|   /_/ \_\ |_|_\   |_|   |___| |___/ 

Request with custom and default header(playwright-test-feature;request-with-custom-and-default-header)
--------------------------------------------------------------------------------
13:10:21.574 [main ] INFO  i.c.c.p.r.SerenityReporterCallbacks - Scenario location Location{line=84, column=3}
13:10:21.615 [main ] INFO  o.b.j.p.PropertyUtils - Found string system property [java.home]: C:\Program Files\OpenJDK\jdk-17.0.7+7
13:10:21.647 [MockServer-local_tiger_proxy-workerEventLoop14] INFO  d.g.t.t.p.h.AbstractTigerRouteCallback - Received HTTP POST /not_a_file User-Agent: 'Apache-HttpClient/4.5.13 (Java/17.0.7)' Request-Length: 34 bytes => http://localhost:63892
13:10:21.652 [MockServer-Scheduler16] INFO  d.g.t.t.p.h.AbstractTigerRouteCallback - Returning HTTP 501 Response-Length: 0 bytes
13:10:21.657 [main ] INFO  d.g.t.t.l.r.SerenityReportUtils - cURL: curl -v -H "key: value" -H "Accept: */*" -H "Content-Type: application/json --data "${configured_param_name}=client_id" " -X POST "http://httpbin/not_a_file" 
13:10:21.727 [http-nio-64151-exec-10] INFO  d.g.t.t.p.c.TigerWebUiController - Returning 2 messages (2 in menu, 2 filtered) of total 24
??? (POST /not_a_file HTTP/1.1\r\nAccept: */*\r\nkey: v...) (RbelTcpIpMessageFacet,RbelRequestFacet,RbelHttpMessageFacet,RbelMessageTimingFacet,RbelHttpRequestFacet,TracingMessagePairFacet,TracingMessagePairFacet)
   ???sender (127.0.0.1:64217) (RbelHostnameFacet)
   |  ???port (64217) (RbelValueFacet)
   |  ???domain (127.0.0.1) (RbelValueFacet)
   ???receiver (httpbin:80) (RbelHostnameFacet)
   |  ???port (80) (RbelValueFacet)
   |  ???domain (httpbin) (RbelValueFacet)
   ???body (${configured_param_name}=client_id)
   ???header (Accept: */*\r\nkey: value\r\nContent-Type: applica...) (RbelHttpHeaderFacet)
   |  ???Accept (*/*)
   |  ???key (value)
   |  ???Content-Type (application/json)
   |  ???Content-Length (34)
   |  ???Proxy-Connection (Keep-Alive)
   |  ???User-Agent (Apache-HttpClient/4.5.13 (Java/17.0.7))
   |  ???Accept-Encoding (gzip,deflate)
   |  ???Host (localhost:63892) (RbelUriFacet)
   |     ???basicPath (localhost:63892) (RbelValueFacet)
   ???httpVersion (HTTP/1.1)
   ???method (POST)
   ???path (/not_a_file) (RbelUriFacet)
      ???basicPath (/not_a_file) (RbelValueFacet)

13:10:22.191 [main ] INFO  i.c.c.p.r.SerenityReporterCallbacks - ------------ STATUS: 9 passed 1 failed or error
13:10:22.203 [main ] INFO  i.c.c.p.r.SerenityReporterCallbacks - Saved HTML report of scenario 'Request with custom and default header' to C:\workspaces\tiger_work4\tiger\tiger-uitests\target\rbellogs\rbel_Request_with_custom_and_default_header_2024-07-24_13-10-22.html
13:10:22.205 [main ] INFO   - 
  _____   ___   ___   _____     ___     _     ___   ___   ___   ___  
 |_   _| | __| / __| |_   _|   | _ \   /_\   / __| / __| | __| |   \ 
   | |   | _|  \__ \   | |     |  _/  / _ \  \__ \ \__ \ | _|  | |) |
   |_|   |___| |___/   |_|     |_|   /_/ \_\ |___/ |___/ |___| |___/ 

Request with custom and default header
----------------------------------------------------------------------
13:10:22.253 [main ] INFO   - 
  _____   ___   ___   _____     ___   _____     _     ___   _____   ___   ___  
 |_   _| | __| / __| |_   _|   / __| |_   _|   /_\   | _ \ |_   _| | __| |   \ 
   | |   | _|  \__ \   | |     \__ \   | |    / _ \  |   /   | |   | _|  | |) |
   |_|   |___| |___/   |_|     |___/   |_|   /_/ \_\ |_|_\   |_|   |___| |___/ 

Test <color> with <inhalt>(playwright-test-feature;test-<color>-with-<inhalt>)
--------------------------------------------------------------------------------
13:10:22.262 [main ] INFO  i.c.c.p.r.SerenityReporterCallbacks - Scenario location Location{line=93, column=3}
13:10:22.302 [main ] INFO  d.g.t.t.g.TigerGlue - 
Dagmar
13:10:22.305 [main ] INFO  i.c.c.p.r.SerenityReporterCallbacks - ------------ STATUS: 10 passed 1 failed or error
13:10:22.325 [main ] INFO  i.c.c.p.r.SerenityReporterCallbacks - Saved HTML report of scenario 'Test red with Dagmar' to C:\workspaces\tiger_work4\tiger\tiger-uitests\target\rbellogs\rbel_Test_red_with_Dagmar_1_2024-07-24_13-10-22.html
13:10:22.328 [main ] INFO   - 
  _____   ___   ___   _____     ___     _     ___   ___   ___   ___  
 |_   _| | __| / __| |_   _|   | _ \   /_\   / __| / __| | __| |   \ 
   | |   | _|  \__ \   | |     |  _/  / _ \  \__ \ \__ \ | _|  | |) |
   |_|   |___| |___/   |_|     |_|   /_/ \_\ |___/ |___/ |___| |___/ 

Test <color> with <inhalt>
----------------------------------------------------------------------
13:10:22.347 [main ] INFO  i.c.c.p.r.SerenityReporterCallbacks - Scenario location Location{line=93, column=3}
13:10:22.364 [main ] INFO  d.g.t.t.g.TigerGlue - 
Nils
13:10:22.366 [main ] INFO  i.c.c.p.r.SerenityReporterCallbacks - ------------ STATUS: 11 passed 1 failed or error
13:10:22.374 [main ] INFO  i.c.c.p.r.SerenityReporterCallbacks - Saved HTML report of scenario 'Test blue with Nils' to C:\workspaces\tiger_work4\tiger\tiger-uitests\target\rbellogs\rbel_Test_blue_with_Nils_2_2024-07-24_13-10-22.html
13:10:22.377 [main ] INFO   - 
  _____   ___   ___   _____     ___     _     ___   ___   ___   ___  
 |_   _| | __| / __| |_   _|   | _ \   /_\   / __| / __| | __| |   \ 
   | |   | _|  \__ \   | |     |  _/  / _ \  \__ \ \__ \ | _|  | |) |
   |_|   |___| |___/   |_|     |_|   /_/ \_\ |___/ |___/ |___| |___/ 

Test <color> with <inhalt>
----------------------------------------------------------------------
13:10:22.396 [main ] INFO  i.c.c.p.r.SerenityReporterCallbacks - Scenario location Location{line=93, column=3}
13:10:22.411 [main ] INFO  d.g.t.t.g.TigerGlue - 
Tim
13:10:22.413 [main ] INFO  i.c.c.p.r.SerenityReporterCallbacks - ------------ STATUS: 12 passed 1 failed or error
13:10:22.453 [main ] INFO  i.c.c.p.r.SerenityReporterCallbacks - Saved HTML report of scenario 'Test green with Tim' to C:\workspaces\tiger_work4\tiger\tiger-uitests\target\rbellogs\rbel_Test_green_with_Tim_3_2024-07-24_13-10-22.html
13:10:22.476 [main ] INFO  i.c.c.p.r.SerenityReporterCallbacks - Scenario location Location{line=93, column=3}
13:10:22.497 [main ] INFO  d.g.t.t.g.TigerGlue - 
Sophie
13:10:22.499 [main ] INFO  i.c.c.p.r.SerenityReporterCallbacks - ------------ STATUS: 13 passed 1 failed or error
13:10:22.506 [main ] INFO  i.c.c.p.r.SerenityReporterCallbacks - Saved HTML report of scenario 'Test yellow with Sophie' to C:\workspaces\tiger_work4\tiger\tiger-uitests\target\rbellogs\rbel_Test_yellow_with_Sophie_4_2024-07-24_13-10-22.html
13:10:22.534 [main ] INFO   - 
  _____   ___   ___   _____     ___   _____     _     ___   _____   ___   ___  
 |_   _| | __| / __| |_   _|   / __| |_   _|   /_\   | _ \ |_   _| | __| |   \ 
   | |   | _|  \__ \   | |     \__ \   | |    / _ \  |   /   | |   | _|  | |) |
   |_|   |___| |___/   |_|     |___/   |_|   /_/ \_\ |_|_\   |_|   |___| |___/ 

Test <color> with <text> again(playwright-test-feature;test-<color>-with-<text>-again)
--------------------------------------------------------------------------------
13:10:22.538 [main ] INFO  i.c.c.p.r.SerenityReporterCallbacks - Scenario location Location{line=102, column=3}
13:10:22.558 [main ] INFO  d.g.t.t.g.TigerGlue - 
========================================================================================================================
   __             
  / _| ___   ___  
 | |_ / _ \ / _ \ 
 |  _| (_) | (_) |
 |_|  \___/ \___/ 
                  
========================================================================================================================
13:10:22.571 [main ] INFO  i.c.c.p.r.SerenityReporterCallbacks - ------------ STATUS: 14 passed 1 failed or error
13:10:22.580 [main ] INFO  i.c.c.p.r.SerenityReporterCallbacks - Saved HTML report of scenario 'Test green with foo again' to C:\workspaces\tiger_work4\tiger\tiger-uitests\target\rbellogs\rbel_Test_green_with_foo_again_1_2024-07-24_13-10-22.html
13:10:22.584 [main ] INFO   - 
  _____   ___   ___   _____     ___     _     ___   ___   ___   ___  
 |_   _| | __| / __| |_   _|   | _ \   /_\   / __| / __| | __| |   \ 
   | |   | _|  \__ \   | |     |  _/  / _ \  \__ \ \__ \ | _|  | |) |
   |_|   |___| |___/   |_|     |_|   /_/ \_\ |___/ |___/ |___| |___/ 

Test <color> with <text> again
----------------------------------------------------------------------
13:10:22.609 [main ] INFO  i.c.c.p.r.SerenityReporterCallbacks - Scenario location Location{line=102, column=3}
13:10:22.630 [main ] INFO  d.g.t.t.g.TigerGlue - 
========================================================================================================================
  _                
 | |__   __ _ _ __ 
 | '_ \ / _` | '__|
 | |_) | (_| | |   
 |_.__/ \__,_|_|   
                   
========================================================================================================================
13:10:22.640 [main ] INFO  i.c.c.p.r.SerenityReporterCallbacks - ------------ STATUS: 15 passed 1 failed or error
13:10:22.648 [main ] INFO  i.c.c.p.r.SerenityReporterCallbacks - Saved HTML report of scenario 'Test red with bar again' to C:\workspaces\tiger_work4\tiger\tiger-uitests\target\rbellogs\rbel_Test_red_with_bar_again_2_2024-07-24_13-10-22.html
13:10:22.652 [main ] INFO   - 
  _____   ___   ___   _____     ___     _     ___   ___   ___   ___  
 |_   _| | __| / __| |_   _|   | _ \   /_\   / __| / __| | __| |   \ 
   | |   | _|  \__ \   | |     |  _/  / _ \  \__ \ \__ \ | _|  | |) |
   |_|   |___| |___/   |_|     |_|   /_/ \_\ |___/ |___/ |___| |___/ 

Test <color> with <text> again
----------------------------------------------------------------------
13:10:22.675 [main ] INFO   - 
  _____   ___   ___   _____     ___   _____     _     ___   _____   ___   ___  
 |_   _| | __| / __| |_   _|   / __| |_   _|   /_\   | _ \ |_   _| | __| |   \ 
   | |   | _|  \__ \   | |     \__ \   | |    / _ \  |   /   | |   | _|  | |) |
   |_|   |___| |___/   |_|     |___/   |_|   /_/ \_\ |_|_\   |_|   |___| |___/ 

Test Find Last Request(playwright-test-feature;test-find-last-request)
--------------------------------------------------------------------------------
13:10:22.678 [main ] INFO  i.c.c.p.r.SerenityReporterCallbacks - Scenario location Location{line=114, column=3}
13:10:22.695 [main ] INFO  d.g.t.t.g.HttpGlueCode - Sending empty GET request to http://httpbin/classes?foobar=1
13:10:22.728 [main ] INFO  o.b.j.p.PropertyUtils - Found string system property [java.home]: C:\Program Files\OpenJDK\jdk-17.0.7+7
13:10:22.745 [MockServer-local_tiger_proxy-workerEventLoop17] INFO  d.g.t.t.p.h.AbstractTigerRouteCallback - Received HTTP GET /classes User-Agent: 'Apache-HttpClient/4.5.13 (Java/17.0.7)' Request-Length: 0 bytes => http://localhost:63892
13:10:22.751 [MockServer-Scheduler21] INFO  d.g.t.t.p.h.AbstractTigerRouteCallback - Returning HTTP 501 Response-Length: 0 bytes
13:10:22.762 [main ] INFO  d.g.t.t.l.r.SerenityReportUtils - cURL: curl -v -H "key: value" -H "Accept: */*" -H "Content-Type: application/json" -X GET "http://httpbin/classes?foobar=1" 
13:10:22.768 [main ] INFO  d.g.t.t.g.HttpGlueCode - Sending empty GET request to http://httpbin/classes?foobar=2
13:10:22.781 [main ] INFO  o.b.j.p.PropertyUtils - Found string system property [java.home]: C:\Program Files\OpenJDK\jdk-17.0.7+7
13:10:22.796 [MockServer-local_tiger_proxy-workerEventLoop12] INFO  d.g.t.t.p.h.AbstractTigerRouteCallback - Received HTTP GET /classes User-Agent: 'Apache-HttpClient/4.5.13 (Java/17.0.7)' Request-Length: 0 bytes => http://localhost:63892
13:10:22.800 [MockServer-Scheduler3] INFO  d.g.t.t.p.h.AbstractTigerRouteCallback - Returning HTTP 501 Response-Length: 0 bytes
13:10:22.805 [main ] INFO  d.g.t.t.l.r.SerenityReportUtils - cURL: curl -v -H "key: value" -H "Accept: */*" -H "Content-Type: application/json" -X GET "http://httpbin/classes?foobar=2" 
13:10:22.810 [awaitility[Waiting for matching request]] WARN  d.g.t.t.l.r.RbelMessageValidator - Found more then one candidate message. Returning last message. This may not be deterministic!
13:10:22.811 [awaitility[Waiting for matching request]] INFO  d.g.t.t.l.r.RbelMessageValidator - Found the following 2 messages:
=>	/classes?foobar=1 : RbelMultiMap(values=[(method,[RbelElement(94032da4-54ed-4295-aec1-ffbb11391173) at $.method with facets ]), (path,[RbelElement(3b0ca07b-4440-4c55-a90c-a4c3bc7dacd5) at $.path with facets RbelUriFacet])])
=>	/classes?foobar=2 : RbelMultiMap(values=[(method,[RbelElement(ebf28465-b6b7-442c-81bd-718a755eb8ba) at $.method with facets ]), (path,[RbelElement(4e131129-4d6b-479b-8b34-74f10f672ce1) at $.path with facets RbelUriFacet])]) 
13:10:22.831 [http-nio-64151-exec-9] INFO  d.g.t.t.p.c.TigerWebUiController - Returning 4 messages (4 in menu, 4 filtered) of total 28
??? (GET /classes?foobar=2 HTTP/1.1\r\nContent-Type: ap...) (RbelTcpIpMessageFacet,RbelRequestFacet,RbelHttpMessageFacet,RbelMessageTimingFacet,TracingMessagePairFacet,RbelHttpRequestFacet,TracingMessagePairFacet)
   ???sender (127.0.0.1:64221) (RbelHostnameFacet)
   |  ???port (64221) (RbelValueFacet)
   |  ???domain (127.0.0.1) (RbelValueFacet)
   ???receiver (httpbin:80) (RbelHostnameFacet)
   |  ???port (80) (RbelValueFacet)
   |  ???domain (httpbin) (RbelValueFacet)
   ???body ()
   ???header (Content-Type: application/json\r\nAccept: */*\r\nk...) (RbelHttpHeaderFacet)
   |  ???Content-Type (application/json)
   |  ???Accept (*/*)
   |  ???key (value)
   |  ???Proxy-Connection (Keep-Alive)
   |  ???User-Agent (Apache-HttpClient/4.5.13 (Java/17.0.7))
   |  ???Accept-Encoding (gzip,deflate)
   |  ???content-length (0)
   |  ???Host (localhost:63892) (RbelUriFacet)
   |     ???basicPath (localhost:63892) (RbelValueFacet)
   ???httpVersion (HTTP/1.1)
   ???method (GET)
   ???path (/classes?foobar=2) (RbelUriFacet)
      ???foobar (foobar=2) (RbelUriParameterFacet)
      |  ???key (foobar) (RbelValueFacet)
      |  ???value (2)
      ???basicPath (/classes) (RbelValueFacet)

??? (HTTP/1.1 501 Not Implemented\r\nDate: Wed, 24 Jul ...) (RbelTcpIpMessageFacet,TracingMessagePairFacet,RbelResponseFacet,RbelHttpMessageFacet,RbelMessageTimingFacet,TracingMessagePairFacet,RbelHttpResponseFacet)
   ???sender (httpbin:80) (RbelHostnameFacet)
   |  ???port (80) (RbelValueFacet)
   |  ???domain (httpbin) (RbelValueFacet)
   ???receiver (127.0.0.1:64221) (RbelHostnameFacet)
   |  ???port (64221) (RbelValueFacet)
   |  ???domain (127.0.0.1) (RbelValueFacet)
   ???body ()
   ???header (Date: Wed, 24 Jul 2024 11:10:22 GMT\r\nContent-Len...) (RbelHttpHeaderFacet)
   |  ???Date (Wed, 24 Jul 2024 11:10:22 GMT)
   |  ???Content-Length (0)
   |  ???Server (Jetty(11.0.15))
   ???httpVersion (HTTP/1.1)
   ???responseCode (501)
   ???reasonPhrase (Not Implemented)

13:10:23.326 [main ] INFO  i.c.c.p.r.SerenityReporterCallbacks - ------------ STATUS: 16 passed 1 failed or error
13:10:23.338 [main ] INFO  i.c.c.p.r.SerenityReporterCallbacks - Saved HTML report of scenario 'Test Find Last Request' to C:\workspaces\tiger_work4\tiger\tiger-uitests\target\rbellogs\rbel_Test_Find_Last_Request_2024-07-24_13-10-23.html
13:10:23.339 [main ] INFO   - 
  _____   ___   ___   _____     ___     _     ___   ___   ___   ___  
 |_   _| | __| / __| |_   _|   | _ \   /_\   / __| / __| | __| |   \ 
   | |   | _|  \__ \   | |     |  _/  / _ \  \__ \ \__ \ | _|  | |) |
   |_|   |___| |___/   |_|     |_|   /_/ \_\ |___/ |___/ |___| |___/ 

Test Find Last Request
----------------------------------------------------------------------
13:10:23.357 [main ] INFO   - 
  _____   ___   ___   _____     ___   _____     _     ___   _____   ___   ___  
 |_   _| | __| / __| |_   _|   / __| |_   _|   /_\   | _ \ |_   _| | __| |   \ 
   | |   | _|  \__ \   | |     \__ \   | |    / _ \  |   /   | |   | _|  | |) |
   |_|   |___| |___/   |_|     |___/   |_|   /_/ \_\ |_|_\   |_|   |___| |___/ 

Test find last request with parameters(playwright-test-feature;test-find-last-request-with-parameters)
--------------------------------------------------------------------------------
13:10:23.361 [main ] INFO  i.c.c.p.r.SerenityReporterCallbacks - Scenario location Location{line=121, column=3}
13:10:23.376 [main ] INFO  d.g.t.t.g.HttpGlueCode - Sending empty GET request to http://httpbin/classes?foobar=1
13:10:23.392 [main ] INFO  o.b.j.p.PropertyUtils - Found string system property [java.home]: C:\Program Files\OpenJDK\jdk-17.0.7+7
13:10:23.413 [MockServer-local_tiger_proxy-workerEventLoop15] INFO  d.g.t.t.p.h.AbstractTigerRouteCallback - Received HTTP GET /classes User-Agent: 'Apache-HttpClient/4.5.13 (Java/17.0.7)' Request-Length: 0 bytes => http://localhost:63892
13:10:23.417 [MockServer-Scheduler22] INFO  d.g.t.t.p.h.AbstractTigerRouteCallback - Returning HTTP 501 Response-Length: 0 bytes
13:10:23.423 [main ] INFO  d.g.t.t.l.r.SerenityReportUtils - cURL: curl -v -H "key: value" -H "Accept: */*" -H "Content-Type: application/json" -X GET "http://httpbin/classes?foobar=1" 
13:10:23.430 [main ] INFO  d.g.t.t.g.HttpGlueCode - Sending empty GET request to http://httpbin/classes?foobar=1&xyz=4
13:10:23.454 [main ] INFO  o.b.j.p.PropertyUtils - Found string system property [java.home]: C:\Program Files\OpenJDK\jdk-17.0.7+7
13:10:23.470 [MockServer-local_tiger_proxy-workerEventLoop11] INFO  d.g.t.t.p.h.AbstractTigerRouteCallback - Received HTTP GET /classes User-Agent: 'Apache-HttpClient/4.5.13 (Java/17.0.7)' Request-Length: 0 bytes => http://localhost:63892
13:10:23.475 [MockServer-Scheduler18] INFO  d.g.t.t.p.h.AbstractTigerRouteCallback - Returning HTTP 501 Response-Length: 0 bytes
13:10:23.484 [main ] INFO  d.g.t.t.l.r.SerenityReportUtils - cURL: curl -v -H "key: value" -H "Accept: */*" -H "Content-Type: application/json" -X GET "http://httpbin/classes?foobar=1&xyz=4" 
13:10:23.488 [main ] INFO  d.g.t.t.g.HttpGlueCode - Sending empty GET request to http://httpbin/classes?foobar=2
13:10:23.502 [main ] INFO  o.b.j.p.PropertyUtils - Found string system property [java.home]: C:\Program Files\OpenJDK\jdk-17.0.7+7
13:10:23.521 [MockServer-local_tiger_proxy-workerEventLoop14] INFO  d.g.t.t.p.h.AbstractTigerRouteCallback - Received HTTP GET /classes User-Agent: 'Apache-HttpClient/4.5.13 (Java/17.0.7)' Request-Length: 0 bytes => http://localhost:63892
13:10:23.525 [MockServer-Scheduler23] INFO  d.g.t.t.p.h.AbstractTigerRouteCallback - Returning HTTP 501 Response-Length: 0 bytes
13:10:23.530 [main ] INFO  d.g.t.t.l.r.SerenityReportUtils - cURL: curl -v -H "key: value" -H "Accept: */*" -H "Content-Type: application/json" -X GET "http://httpbin/classes?foobar=2" 
13:10:23.535 [awaitility[Waiting for matching request]] WARN  d.g.t.t.l.r.RbelMessageValidator - Found more then one candidate message. Returning last message. This may not be deterministic!
13:10:23.535 [awaitility[Waiting for matching request]] INFO  d.g.t.t.l.r.RbelMessageValidator - Found the following 3 messages:
=>	/classes?foobar=1 : RbelMultiMap(values=[(method,[RbelElement(d0794399-7400-433b-ac6b-eb84a6c9db73) at $.method with facets ]), (path,[RbelElement(98318fd7-e2b6-4a0a-ac5b-60f1bca1efad) at $.path with facets RbelUriFacet])])
=>	/classes?foobar=1&xyz=4 : RbelMultiMap(values=[(method,[RbelElement(cd8ad5eb-9d9d-48b4-b2dd-4395014d9312) at $.method with facets ]), (path,[RbelElement(01481079-d93c-46d8-a005-c06eae747ea9) at $.path with facets RbelUriFacet])])
=>	/classes?foobar=2 : RbelMultiMap(values=[(method,[RbelElement(96787c5f-d422-4536-9477-59bbf84baccb) at $.method with facets ]), (path,[RbelElement(49d7e936-ed62-4523-806b-a59bff9bea9d) at $.path with facets RbelUriFacet])]) 
13:10:24.035 [http-nio-64151-exec-1] INFO  d.g.t.t.p.c.TigerWebUiController - Returning 6 messages (6 in menu, 6 filtered) of total 34
??? (GET /classes?foobar=2 HTTP/1.1\r\nContent-Type: ap...) (RbelTcpIpMessageFacet,RbelRequestFacet,RbelHttpMessageFacet,RbelMessageTimingFacet,TracingMessagePairFacet,RbelHttpRequestFacet,TracingMessagePairFacet)
   ???sender (127.0.0.1:64227) (RbelHostnameFacet)
   |  ???port (64227) (RbelValueFacet)
   |  ???domain (127.0.0.1) (RbelValueFacet)
   ???receiver (httpbin:80) (RbelHostnameFacet)
   |  ???port (80) (RbelValueFacet)
   |  ???domain (httpbin) (RbelValueFacet)
   ???body ()
   ???header (Content-Type: application/json\r\nAccept: */*\r\nk...) (RbelHttpHeaderFacet)
   |  ???Content-Type (application/json)
   |  ???Accept (*/*)
   |  ???key (value)
   |  ???Proxy-Connection (Keep-Alive)
   |  ???User-Agent (Apache-HttpClient/4.5.13 (Java/17.0.7))
   |  ???Accept-Encoding (gzip,deflate)
   |  ???content-length (0)
   |  ???Host (localhost:63892) (RbelUriFacet)
   |     ???basicPath (localhost:63892) (RbelValueFacet)
   ???httpVersion (HTTP/1.1)
   ???method (GET)
   ???path (/classes?foobar=2) (RbelUriFacet)
      ???foobar (foobar=2) (RbelUriParameterFacet)
      |  ???key (foobar) (RbelValueFacet)
      |  ???value (2)
      ???basicPath (/classes) (RbelValueFacet)

??? (HTTP/1.1 501 Not Implemented\r\nDate: Wed, 24 Jul ...) (RbelTcpIpMessageFacet,TracingMessagePairFacet,RbelResponseFacet,RbelHttpMessageFacet,RbelMessageTimingFacet,TracingMessagePairFacet,RbelHttpResponseFacet)
   ???sender (httpbin:80) (RbelHostnameFacet)
   |  ???port (80) (RbelValueFacet)
   |  ???domain (httpbin) (RbelValueFacet)
   ???receiver (127.0.0.1:64227) (RbelHostnameFacet)
   |  ???port (64227) (RbelValueFacet)
   |  ???domain (127.0.0.1) (RbelValueFacet)
   ???body ()
   ???header (Date: Wed, 24 Jul 2024 11:10:23 GMT\r\nContent-Len...) (RbelHttpHeaderFacet)
   |  ???Date (Wed, 24 Jul 2024 11:10:23 GMT)
   |  ???Content-Length (0)
   |  ???Server (Jetty(11.0.15))
   ???httpVersion (HTTP/1.1)
   ???responseCode (501)
   ???reasonPhrase (Not Implemented)

13:10:24.056 [main ] INFO  i.c.c.p.r.SerenityReporterCallbacks - ------------ STATUS: 17 passed 1 failed or error
13:10:24.071 [main ] INFO  i.c.c.p.r.SerenityReporterCallbacks - Saved HTML report of scenario 'Test find last request with parameters' to C:\workspaces\tiger_work4\tiger\tiger-uitests\target\rbellogs\rbel_Test_find_last_request_with_parameters_2024-07-24_13-10-24.html
13:10:24.072 [main ] INFO   - 
  _____   ___   ___   _____     ___     _     ___   ___   ___   ___  
 |_   _| | __| / __| |_   _|   | _ \   /_\   / __| / __| | __| |   \ 
   | |   | _|  \__ \   | |     |  _/  / _ \  \__ \ \__ \ | _|  | |) |
   |_|   |___| |___/   |_|     |_|   /_/ \_\ |___/ |___/ |___| |___/ 

Test find last request with parameters
----------------------------------------------------------------------
13:10:24.095 [main ] INFO   - 
  _____   ___   ___   _____     ___   _____     _     ___   _____   ___   ___  
 |_   _| | __| / __| |_   _|   / __| |_   _|   /_\   | _ \ |_   _| | __| |   \ 
   | |   | _|  \__ \   | |     \__ \   | |    / _ \  |   /   | |   | _|  | |) |
   |_|   |___| |___/   |_|     |___/   |_|   /_/ \_\ |_|_\   |_|   |___| |___/ 

Test find last request(playwright-test-feature;test-find-last-request)
--------------------------------------------------------------------------------
13:10:24.098 [main ] INFO  i.c.c.p.r.SerenityReporterCallbacks - Scenario location Location{line=129, column=3}
13:10:24.113 [main ] INFO  d.g.t.t.g.HttpGlueCode - Sending empty GET request to http://httpbin/classes?foobar=1
13:10:24.122 [main ] INFO  o.b.j.p.PropertyUtils - Found string system property [java.home]: C:\Program Files\OpenJDK\jdk-17.0.7+7
13:10:24.137 [MockServer-local_tiger_proxy-workerEventLoop17] INFO  d.g.t.t.p.h.AbstractTigerRouteCallback - Received HTTP GET /classes User-Agent: 'Apache-HttpClient/4.5.13 (Java/17.0.7)' Request-Length: 0 bytes => http://localhost:63892
13:10:24.140 [MockServer-Scheduler13] INFO  d.g.t.t.p.h.AbstractTigerRouteCallback - Returning HTTP 501 Response-Length: 0 bytes
13:10:24.146 [main ] INFO  d.g.t.t.l.r.SerenityReportUtils - cURL: curl -v -H "key: value" -H "Accept: */*" -H "Content-Type: application/json" -X GET "http://httpbin/classes?foobar=1" 
13:10:24.150 [main ] INFO  d.g.t.t.g.HttpGlueCode - Sending empty GET request to http://httpbin/classes?foobar=2
13:10:24.163 [main ] INFO  o.b.j.p.PropertyUtils - Found string system property [java.home]: C:\Program Files\OpenJDK\jdk-17.0.7+7
13:10:24.178 [MockServer-local_tiger_proxy-workerEventLoop12] INFO  d.g.t.t.p.h.AbstractTigerRouteCallback - Received HTTP GET /classes User-Agent: 'Apache-HttpClient/4.5.13 (Java/17.0.7)' Request-Length: 0 bytes => http://localhost:63892
13:10:24.182 [MockServer-Scheduler24] INFO  d.g.t.t.p.h.AbstractTigerRouteCallback - Returning HTTP 501 Response-Length: 0 bytes
13:10:24.188 [main ] INFO  d.g.t.t.l.r.SerenityReportUtils - cURL: curl -v -H "key: value" -H "Accept: */*" -H "Content-Type: application/json" -X GET "http://httpbin/classes?foobar=2" 
13:10:24.194 [main ] INFO  d.g.t.t.g.HttpGlueCode - Sending empty GET request to http://httpbin/classes?foobar=3
13:10:24.204 [main ] INFO  o.b.j.p.PropertyUtils - Found string system property [java.home]: C:\Program Files\OpenJDK\jdk-17.0.7+7
13:10:24.222 [MockServer-local_tiger_proxy-workerEventLoop15] INFO  d.g.t.t.p.h.AbstractTigerRouteCallback - Received HTTP GET /classes User-Agent: 'Apache-HttpClient/4.5.13 (Java/17.0.7)' Request-Length: 0 bytes => http://localhost:63892
13:10:24.226 [MockServer-Scheduler19] INFO  d.g.t.t.p.h.AbstractTigerRouteCallback - Returning HTTP 501 Response-Length: 0 bytes
13:10:24.232 [main ] INFO  d.g.t.t.l.r.SerenityReportUtils - cURL: curl -v -H "key: value" -H "Accept: */*" -H "Content-Type: application/json" -X GET "http://httpbin/classes?foobar=3" 
13:10:24.237 [main ] INFO  d.g.t.t.g.HttpGlueCode - Sending empty GET request to http://httpbin/directoryWhichDoesNotExist?other=param
13:10:24.246 [main ] INFO  o.b.j.p.PropertyUtils - Found string system property [java.home]: C:\Program Files\OpenJDK\jdk-17.0.7+7
13:10:24.263 [MockServer-local_tiger_proxy-workerEventLoop11] INFO  d.g.t.t.p.h.AbstractTigerRouteCallback - Received HTTP GET /directoryWhichDoesNotExist User-Agent: 'Apache-HttpClient/4.5.13 (Java/17.0.7)' Request-Length: 0 bytes => http://localhost:63892
13:10:24.268 [MockServer-Scheduler25] INFO  d.g.t.t.p.h.AbstractTigerRouteCallback - Returning HTTP 501 Response-Length: 0 bytes
13:10:24.275 [main ] INFO  d.g.t.t.l.r.SerenityReportUtils - cURL: curl -v -H "key: value" -H "Accept: */*" -H "Content-Type: application/json" -X GET "http://httpbin/directoryWhichDoesNotExist?other=param" 
??? (GET /directoryWhichDoesNotExist?other=param HTTP/1...) (RbelTcpIpMessageFacet,RbelRequestFacet,RbelHttpMessageFacet,RbelMessageTimingFacet,TracingMessagePairFacet,RbelHttpRequestFacet,TracingMessagePairFacet)
   ???sender (127.0.0.1:64235) (RbelHostnameFacet)
   |  ???port (64235) (RbelValueFacet)
   |  ???domain (127.0.0.1) (RbelValueFacet)
   ???receiver (httpbin:80) (RbelHostnameFacet)
   |  ???port (80) (RbelValueFacet)
   |  ???domain (httpbin) (RbelValueFacet)
   ???body ()
   ???header (Content-Type: application/json\r\nAccept: */*\r\nk...) (RbelHttpHeaderFacet)
   |  ???Content-Type (application/json)
   |  ???Accept (*/*)
   |  ???key (value)
   |  ???Proxy-Connection (Keep-Alive)
   |  ???User-Agent (Apache-HttpClient/4.5.13 (Java/17.0.7))
   |  ???Accept-Encoding (gzip,deflate)
   |  ???content-length (0)
   |  ???Host (localhost:63892) (RbelUriFacet)
   |     ???basicPath (localhost:63892) (RbelValueFacet)
   ???httpVersion (HTTP/1.1)
   ???method (GET)
   ???path (/directoryWhichDoesNotExist?other=param) (RbelUriFacet)
      ???other (other=param) (RbelUriParameterFacet)
      |  ???key (other) (RbelValueFacet)
      |  ???value (param)
      ???basicPath (/directoryWhichDoesNotExist) (RbelValueFacet)

??? (HTTP/1.1 501 Not Implemented\r\nDate: Wed, 24 Jul ...) (RbelTcpIpMessageFacet,RbelResponseFacet,RbelHttpMessageFacet,RbelMessageTimingFacet,TracingMessagePairFacet,TracingMessagePairFacet,RbelHttpResponseFacet)
   ???sender (httpbin:80) (RbelHostnameFacet)
   |  ???port (80) (RbelValueFacet)
   |  ???domain (httpbin) (RbelValueFacet)
   ???receiver (127.0.0.1:64235) (RbelHostnameFacet)
   |  ???port (64235) (RbelValueFacet)
   |  ???domain (127.0.0.1) (RbelValueFacet)
   ???body ()
   ???header (Date: Wed, 24 Jul 2024 11:10:24 GMT\r\nContent-Len...) (RbelHttpHeaderFacet)
   |  ???Date (Wed, 24 Jul 2024 11:10:24 GMT)
   |  ???Content-Length (0)
   |  ???Server (Jetty(11.0.15))
   ???httpVersion (HTTP/1.1)
   ???responseCode (501)
   ???reasonPhrase (Not Implemented)

13:10:24.302 [main ] INFO  i.c.c.p.r.SerenityReporterCallbacks - ------------ STATUS: 18 passed 1 failed or error
13:10:24.328 [main ] INFO  i.c.c.p.r.SerenityReporterCallbacks - Saved HTML report of scenario 'Test find last request' to C:\workspaces\tiger_work4\tiger\tiger-uitests\target\rbellogs\rbel_Test_find_last_request_2024-07-24_13-10-24.html
13:10:24.330 [main ] INFO   - 
  _____   ___   ___   _____     ___     _     ___   ___   ___   ___  
 |_   _| | __| / __| |_   _|   | _ \   /_\   / __| / __| | __| |   \ 
   | |   | _|  \__ \   | |     |  _/  / _ \  \__ \ \__ \ | _|  | |) |
   |_|   |___| |___/   |_|     |_|   /_/ \_\ |___/ |___/ |___| |___/ 

Test find last request
----------------------------------------------------------------------
13:10:24.354 [main ] INFO   - 
  _____   ___   ___   _____     ___   _____     _     ___   _____   ___   ___  
 |_   _| | __| / __| |_   _|   / __| |_   _|   /_\   | _ \ |_   _| | __| |   \ 
   | |   | _|  \__ \   | |     \__ \   | |    / _ \  |   /   | |   | _|  | |) |
   |_|   |___| |___/   |_|     |___/   |_|   /_/ \_\ |_|_\   |_|   |___| |___/ 

JEXL Rbel Namespace Test(playwright-test-feature;jexl-rbel-namespace-test)
--------------------------------------------------------------------------------
13:10:24.360 [main ] INFO  i.c.c.p.r.SerenityReporterCallbacks - Scenario location Location{line=139, column=3}
13:10:24.376 [main ] INFO  d.g.t.t.g.HttpGlueCode - Sending empty GET request to http://httpbin
13:10:24.385 [main ] INFO  o.b.j.p.PropertyUtils - Found string system property [java.home]: C:\Program Files\OpenJDK\jdk-17.0.7+7
13:10:24.403 [MockServer-local_tiger_proxy-workerEventLoop14] INFO  d.g.t.t.p.h.AbstractTigerRouteCallback - Received HTTP GET / User-Agent: 'Apache-HttpClient/4.5.13 (Java/17.0.7)' Request-Length: 0 bytes => http://localhost:63892
13:10:24.408 [MockServer-Scheduler2] INFO  d.g.t.t.p.h.AbstractTigerRouteCallback - Returning HTTP 200 Response-Length: 243 bytes
13:10:24.425 [main ] INFO  d.g.t.t.l.r.SerenityReportUtils - cURL: curl -v -H "key: value" -H "Accept: */*" -H "Content-Type: application/json" -X GET "http://httpbin" 
13:10:24.465 [http-nio-64151-exec-3] INFO  d.g.t.t.p.c.TigerWebUiController - Returning 10 messages (10 in menu, 10 filtered) of total 44
??? (GET / HTTP/1.1\r\nContent-Type: application/json\r...) (RbelTcpIpMessageFacet,RbelRequestFacet,RbelHttpMessageFacet,RbelMessageTimingFacet,TracingMessagePairFacet,RbelHttpRequestFacet,TracingMessagePairFacet)
   ???sender (127.0.0.1:64237) (RbelHostnameFacet)
   |  ???port (64237) (RbelValueFacet)
   |  ???domain (127.0.0.1) (RbelValueFacet)
   ???receiver (httpbin:80) (RbelHostnameFacet)
   |  ???port (80) (RbelValueFacet)
   |  ???domain (httpbin) (RbelValueFacet)
   ???body ()
   ???header (Content-Type: application/json\r\nAccept: */*\r\nk...) (RbelHttpHeaderFacet)
   |  ???Content-Type (application/json)
   |  ???Accept (*/*)
   |  ???key (value)
   |  ???Proxy-Connection (Keep-Alive)
   |  ???User-Agent (Apache-HttpClient/4.5.13 (Java/17.0.7))
   |  ???Accept-Encoding (gzip,deflate)
   |  ???content-length (0)
   |  ???Host (localhost:63892) (RbelUriFacet)
   |     ???basicPath (localhost:63892) (RbelValueFacet)
   ???httpVersion (HTTP/1.1)
   ???method (GET)
   ???path (/) (RbelUriFacet)
      ???basicPath (/) (RbelValueFacet)

13:10:24.964 [main ] INFO  i.c.c.p.r.SerenityReporterCallbacks - ------------ STATUS: 19 passed 1 failed or error
13:10:24.977 [main ] INFO  i.c.c.p.r.SerenityReporterCallbacks - Saved HTML report of scenario 'JEXL Rbel Namespace Test' to C:\workspaces\tiger_work4\tiger\tiger-uitests\target\rbellogs\rbel_JEXL_Rbel_Namespace_Test_1_2024-07-24_13-10-24.html
13:10:24.982 [main ] INFO   - 
  _____   ___   ___   _____     ___     _     ___   ___   ___   ___  
 |_   _| | __| / __| |_   _|   | _ \   /_\   / __| / __| | __| |   \ 
   | |   | _|  \__ \   | |     |  _/  / _ \  \__ \ \__ \ | _|  | |) |
   |_|   |___| |___/   |_|     |_|   /_/ \_\ |___/ |___/ |___| |___/ 

JEXL Rbel Namespace Test
----------------------------------------------------------------------
13:10:25.002 [main ] INFO  i.c.c.p.r.SerenityReporterCallbacks - Scenario location Location{line=139, column=3}
13:10:25.017 [main ] INFO  d.g.t.t.g.HttpGlueCode - Sending empty GET request to http://httpbin
13:10:25.024 [main ] INFO  o.b.j.p.PropertyUtils - Found string system property [java.home]: C:\Program Files\OpenJDK\jdk-17.0.7+7
13:10:25.037 [MockServer-local_tiger_proxy-workerEventLoop17] INFO  d.g.t.t.p.h.AbstractTigerRouteCallback - Received HTTP GET / User-Agent: 'Apache-HttpClient/4.5.13 (Java/17.0.7)' Request-Length: 0 bytes => http://localhost:63892
13:10:25.041 [MockServer-Scheduler26] INFO  d.g.t.t.p.h.AbstractTigerRouteCallback - Returning HTTP 200 Response-Length: 243 bytes
13:10:25.057 [main ] INFO  d.g.t.t.l.r.SerenityReportUtils - cURL: curl -v -H "key: value" -H "Accept: */*" -H "Content-Type: application/json" -X GET "http://httpbin" 
13:10:25.415 [http-nio-64151-exec-2] INFO  d.g.t.t.p.c.TigerWebUiController - Returning 2 messages (2 in menu, 2 filtered) of total 46
??? (GET / HTTP/1.1\r\nContent-Type: application/json\r...) (RbelTcpIpMessageFacet,RbelRequestFacet,RbelHttpMessageFacet,RbelMessageTimingFacet,TracingMessagePairFacet,RbelHttpRequestFacet,TracingMessagePairFacet)
   ???sender (127.0.0.1:64239) (RbelHostnameFacet)
   |  ???port (64239) (RbelValueFacet)
   |  ???domain (127.0.0.1) (RbelValueFacet)
   ???receiver (httpbin:80) (RbelHostnameFacet)
   |  ???port (80) (RbelValueFacet)
   |  ???domain (httpbin) (RbelValueFacet)
   ???body ()
   ???header (Content-Type: application/json\r\nAccept: */*\r\nk...) (RbelHttpHeaderFacet)
   |  ???Content-Type (application/json)
   |  ???Accept (*/*)
   |  ???key (value)
   |  ???Proxy-Connection (Keep-Alive)
   |  ???User-Agent (Apache-HttpClient/4.5.13 (Java/17.0.7))
   |  ???Accept-Encoding (gzip,deflate)
   |  ???content-length (0)
   |  ???Host (localhost:63892) (RbelUriFacet)
   |     ???basicPath (localhost:63892) (RbelValueFacet)
   ???httpVersion (HTTP/1.1)
   ???method (GET)
   ???path (/) (RbelUriFacet)
      ???basicPath (/) (RbelValueFacet)

13:10:25.579 [main ] INFO  i.c.c.p.r.SerenityReporterCallbacks - ------------ STATUS: 20 passed 1 failed or error
13:10:25.593 [main ] INFO  i.c.c.p.r.SerenityReporterCallbacks - Saved HTML report of scenario 'JEXL Rbel Namespace Test' to C:\workspaces\tiger_work4\tiger\tiger-uitests\target\rbellogs\rbel_JEXL_Rbel_Namespace_Test_2_2024-07-24_13-10-25.html
13:10:25.597 [main ] INFO   - 
  _____   ___   ___   _____     ___     _     ___   ___   ___   ___  
 |_   _| | __| / __| |_   _|   | _ \   /_\   / __| / __| | __| |   \ 
   | |   | _|  \__ \   | |     |  _/  / _ \  \__ \ \__ \ | _|  | |) |
   |_|   |___| |___/   |_|     |_|   /_/ \_\ |___/ |___/ |___| |___/ 

JEXL Rbel Namespace Test
----------------------------------------------------------------------
13:10:25.623 [main ] INFO  i.c.c.p.r.SerenityReporterCallbacks - Scenario location Location{line=139, column=3}
13:10:25.638 [main ] INFO  d.g.t.t.g.HttpGlueCode - Sending empty GET request to http://httpbin
13:10:25.647 [main ] INFO  o.b.j.p.PropertyUtils - Found string system property [java.home]: C:\Program Files\OpenJDK\jdk-17.0.7+7
13:10:25.661 [MockServer-local_tiger_proxy-workerEventLoop12] INFO  d.g.t.t.p.h.AbstractTigerRouteCallback - Received HTTP GET / User-Agent: 'Apache-HttpClient/4.5.13 (Java/17.0.7)' Request-Length: 0 bytes => http://localhost:63892
13:10:25.666 [MockServer-Scheduler20] INFO  d.g.t.t.p.h.AbstractTigerRouteCallback - Returning HTTP 200 Response-Length: 243 bytes
13:10:25.682 [main ] INFO  d.g.t.t.l.r.SerenityReportUtils - cURL: curl -v -H "key: value" -H "Accept: */*" -H "Content-Type: application/json" -X GET "http://httpbin" 
??? (GET / HTTP/1.1\r\nContent-Type: application/json\r...) (RbelTcpIpMessageFacet,RbelRequestFacet,RbelHttpMessageFacet,RbelMessageTimingFacet,TracingMessagePairFacet,RbelHttpRequestFacet,TracingMessagePairFacet)
   ???sender (127.0.0.1:64241) (RbelHostnameFacet)
   |  ???port (64241) (RbelValueFacet)
   |  ???domain (127.0.0.1) (RbelValueFacet)
   ???receiver (httpbin:80) (RbelHostnameFacet)
   |  ???port (80) (RbelValueFacet)
   |  ???domain (httpbin) (RbelValueFacet)
   ???body ()
   ???header (Content-Type: application/json\r\nAccept: */*\r\nk...) (RbelHttpHeaderFacet)
   |  ???Content-Type (application/json)
   |  ???Accept (*/*)
   |  ???key (value)
   |  ???Proxy-Connection (Keep-Alive)
   |  ???User-Agent (Apache-HttpClient/4.5.13 (Java/17.0.7))
   |  ???Accept-Encoding (gzip,deflate)
   |  ???content-length (0)
   |  ???Host (localhost:63892) (RbelUriFacet)
   |     ???basicPath (localhost:63892) (RbelValueFacet)
   ???httpVersion (HTTP/1.1)
   ???method (GET)
   ???path (/) (RbelUriFacet)
      ???basicPath (/) (RbelValueFacet)

13:10:26.215 [main ] INFO  i.c.c.p.r.SerenityReporterCallbacks - ------------ STATUS: 21 passed 1 failed or error
13:10:26.231 [main ] INFO  i.c.c.p.r.SerenityReporterCallbacks - Saved HTML report of scenario 'JEXL Rbel Namespace Test' to C:\workspaces\tiger_work4\tiger\tiger-uitests\target\rbellogs\rbel_JEXL_Rbel_Namespace_Test_3_2024-07-24_13-10-26.html
13:10:26.259 [main ] INFO  i.c.c.p.r.SerenityReporterCallbacks - Scenario location Location{line=139, column=3}
13:10:26.279 [main ] INFO  d.g.t.t.g.HttpGlueCode - Sending empty GET request to http://httpbin
13:10:26.286 [main ] INFO  o.b.j.p.PropertyUtils - Found string system property [java.home]: C:\Program Files\OpenJDK\jdk-17.0.7+7
13:10:26.306 [MockServer-local_tiger_proxy-workerEventLoop15] INFO  d.g.t.t.p.h.AbstractTigerRouteCallback - Received HTTP GET / User-Agent: 'Apache-HttpClient/4.5.13 (Java/17.0.7)' Request-Length: 0 bytes => http://localhost:63892
13:10:26.312 [MockServer-Scheduler27] INFO  d.g.t.t.p.h.AbstractTigerRouteCallback - Returning HTTP 200 Response-Length: 243 bytes
13:10:26.336 [main ] INFO  d.g.t.t.l.r.SerenityReportUtils - cURL: curl -v -H "key: value" -H "Accept: */*" -H "Content-Type: application/json" -X GET "http://httpbin" 
13:10:26.645 [http-nio-64151-exec-6] INFO  d.g.t.t.p.c.TigerWebUiController - Returning 4 messages (4 in menu, 4 filtered) of total 50
??? (GET / HTTP/1.1\r\nContent-Type: application/json\r...) (RbelTcpIpMessageFacet,RbelRequestFacet,RbelHttpMessageFacet,RbelMessageTimingFacet,TracingMessagePairFacet,RbelHttpRequestFacet,TracingMessagePairFacet)
   ???sender (127.0.0.1:64245) (RbelHostnameFacet)
   |  ???port (64245) (RbelValueFacet)
   |  ???domain (127.0.0.1) (RbelValueFacet)
   ???receiver (httpbin:80) (RbelHostnameFacet)
   |  ???port (80) (RbelValueFacet)
   |  ???domain (httpbin) (RbelValueFacet)
   ???body ()
   ???header (Content-Type: application/json\r\nAccept: */*\r\nk...) (RbelHttpHeaderFacet)
   |  ???Content-Type (application/json)
   |  ???Accept (*/*)
   |  ???key (value)
   |  ???Proxy-Connection (Keep-Alive)
   |  ???User-Agent (Apache-HttpClient/4.5.13 (Java/17.0.7))
   |  ???Accept-Encoding (gzip,deflate)
   |  ???content-length (0)
   |  ???Host (localhost:63892) (RbelUriFacet)
   |     ???basicPath (localhost:63892) (RbelValueFacet)
   ???httpVersion (HTTP/1.1)
   ???method (GET)
   ???path (/) (RbelUriFacet)
      ???basicPath (/) (RbelValueFacet)

13:10:26.877 [main ] INFO  i.c.c.p.r.SerenityReporterCallbacks - ------------ STATUS: 22 passed 1 failed or error
13:10:26.891 [main ] INFO  i.c.c.p.r.SerenityReporterCallbacks - Saved HTML report of scenario 'JEXL Rbel Namespace Test' to C:\workspaces\tiger_work4\tiger\tiger-uitests\target\rbellogs\rbel_JEXL_Rbel_Namespace_Test_4_2024-07-24_13-10-26.html
13:10:26.950 [main ] INFO  i.c.c.p.r.SerenityReporterCallbacks - Scenario location Location{line=139, column=3}
13:10:26.970 [main ] INFO  d.g.t.t.g.HttpGlueCode - Sending empty GET request to http://httpbin
13:10:26.980 [main ] INFO  o.b.j.p.PropertyUtils - Found string system property [java.home]: C:\Program Files\OpenJDK\jdk-17.0.7+7
13:10:26.991 [MockServer-local_tiger_proxy-workerEventLoop11] INFO  d.g.t.t.p.h.AbstractTigerRouteCallback - Received HTTP GET / User-Agent: 'Apache-HttpClient/4.5.13 (Java/17.0.7)' Request-Length: 0 bytes => http://localhost:63892
13:10:26.996 [MockServer-Scheduler16] INFO  d.g.t.t.p.h.AbstractTigerRouteCallback - Returning HTTP 200 Response-Length: 243 bytes
13:10:27.009 [main ] INFO  d.g.t.t.l.r.SerenityReportUtils - cURL: curl -v -H "key: value" -H "Accept: */*" -H "Content-Type: application/json" -X GET "http://httpbin" 
13:10:27.083 [http-nio-64151-exec-4] INFO  d.g.t.t.p.c.TigerWebUiController - Returning 2 messages (2 in menu, 2 filtered) of total 52
??? (GET / HTTP/1.1\r\nContent-Type: application/json\r...) (RbelTcpIpMessageFacet,RbelRequestFacet,RbelHttpMessageFacet,RbelMessageTimingFacet,TracingMessagePairFacet,RbelHttpRequestFacet,TracingMessagePairFacet)
   ???sender (127.0.0.1:64248) (RbelHostnameFacet)
   |  ???port (64248) (RbelValueFacet)
   |  ???domain (127.0.0.1) (RbelValueFacet)
   ???receiver (httpbin:80) (RbelHostnameFacet)
   |  ???port (80) (RbelValueFacet)
   |  ???domain (httpbin) (RbelValueFacet)
   ???body ()
   ???header (Content-Type: application/json\r\nAccept: */*\r\nk...) (RbelHttpHeaderFacet)
   |  ???Content-Type (application/json)
   |  ???Accept (*/*)
   |  ???key (value)
   |  ???Proxy-Connection (Keep-Alive)
   |  ???User-Agent (Apache-HttpClient/4.5.13 (Java/17.0.7))
   |  ???Accept-Encoding (gzip,deflate)
   |  ???content-length (0)
   |  ???Host (localhost:63892) (RbelUriFacet)
   |     ???basicPath (localhost:63892) (RbelValueFacet)
   ???httpVersion (HTTP/1.1)
   ???method (GET)
   ???path (/) (RbelUriFacet)
      ???basicPath (/) (RbelValueFacet)

13:10:27.536 [main ] INFO  i.c.c.p.r.SerenityReporterCallbacks - ------------ STATUS: 23 passed 1 failed or error
13:10:27.555 [main ] INFO  i.c.c.p.r.SerenityReporterCallbacks - Saved HTML report of scenario 'JEXL Rbel Namespace Test' to C:\workspaces\tiger_work4\tiger\tiger-uitests\target\rbellogs\rbel_JEXL_Rbel_Namespace_Test_5_2024-07-24_13-10-27.html
13:10:27.593 [main ] INFO   - 
  _____   ___   ___   _____     ___   _____     _     ___   _____   ___   ___  
 |_   _| | __| / __| |_   _|   / __| |_   _|   /_\   | _ \ |_   _| | __| |   \ 
   | |   | _|  \__ \   | |     \__ \   | |    / _ \  |   /   | |   | _|  | |) |
   |_|   |___| |___/   |_|     |___/   |_|   /_/ \_\ |_|_\   |_|   |___| |___/ 

Request a non existing url(playwright-test-feature;request-a-non-existing-url)
--------------------------------------------------------------------------------
13:10:27.598 [main ] INFO  i.c.c.p.r.SerenityReporterCallbacks - Scenario location Location{line=152, column=3}
13:10:27.619 [main ] INFO  d.g.t.t.g.HttpGlueCode - Sending empty GET request to http://www.this_is_not_a_real_url_blablabla.com
13:10:27.630 [main ] INFO  o.b.j.p.PropertyUtils - Found string system property [java.home]: C:\Program Files\OpenJDK\jdk-17.0.7+7
13:10:27.714 [MockServer-local_tiger_proxy-workerEventLoop14] INFO  d.g.t.t.p.h.AbstractTigerRouteCallback - Received HTTP GET / User-Agent: 'Apache-HttpClient/4.5.13 (Java/17.0.7)' Request-Length: 0 bytes => www.this_is_not_a_real_url_blablabla.com:80
13:10:27.721 [MockServer-Scheduler28] INFO  d.g.t.t.p.h.AbstractTigerRouteCallback - Exception during handling of request
java.net.UnknownHostException: www.this_is_not_a_real_url_blablabla.com
	at java.base/java.net.InetAddress$CachedAddresses.get(InetAddress.java:801)
	at java.base/java.net.InetAddress.getAllByName0(InetAddress.java:1533)
	at java.base/java.net.InetAddress.getAllByName(InetAddress.java:1385)
	at java.base/java.net.InetAddress.getAllByName(InetAddress.java:1306)
	at java.base/java.net.InetAddress.getByName(InetAddress.java:1256)
	at io.netty.util.internal.SocketUtils$8.run(SocketUtils.java:156)
	at io.netty.util.internal.SocketUtils$8.run(SocketUtils.java:153)
	at java.base/java.security.AccessController.doPrivileged(AccessController.java:569)
	at io.netty.util.internal.SocketUtils.addressByName(SocketUtils.java:153)
	at io.netty.resolver.DefaultNameResolver.doResolve(DefaultNameResolver.java:41)
	at io.netty.resolver.SimpleNameResolver.resolve(SimpleNameResolver.java:61)
	at io.netty.resolver.SimpleNameResolver.resolve(SimpleNameResolver.java:53)
	at io.netty.resolver.InetSocketAddressResolver.doResolve(InetSocketAddressResolver.java:55)
	at io.netty.resolver.InetSocketAddressResolver.doResolve(InetSocketAddressResolver.java:31)
	at io.netty.resolver.AbstractAddressResolver.resolve(AbstractAddressResolver.java:106)
	at io.netty.bootstrap.Bootstrap.doResolveAndConnect0(Bootstrap.java:220)
	at io.netty.bootstrap.Bootstrap.access$000(Bootstrap.java:47)
	at io.netty.bootstrap.Bootstrap$1.operationComplete(Bootstrap.java:189)
	at io.netty.bootstrap.Bootstrap$1.operationComplete(Bootstrap.java:175)
	at io.netty.util.concurrent.DefaultPromise.notifyListener0(DefaultPromise.java:590)
	at io.netty.util.concurrent.DefaultPromise.notifyListenersNow(DefaultPromise.java:557)
	at io.netty.util.concurrent.DefaultPromise.notifyListeners(DefaultPromise.java:492)
	at io.netty.util.concurrent.DefaultPromise.setValue0(DefaultPromise.java:636)
	at io.netty.util.concurrent.DefaultPromise.setSuccess0(DefaultPromise.java:625)
	at io.netty.util.concurrent.DefaultPromise.trySuccess(DefaultPromise.java:105)
	at io.netty.channel.DefaultChannelPromise.trySuccess(DefaultChannelPromise.java:84)
	at io.netty.channel.AbstractChannel$AbstractUnsafe.safeSetSuccess(AbstractChannel.java:988)
	at io.netty.channel.AbstractChannel$AbstractUnsafe.register0(AbstractChannel.java:515)
	at io.netty.channel.AbstractChannel$AbstractUnsafe.access$200(AbstractChannel.java:428)
	at io.netty.channel.AbstractChannel$AbstractUnsafe$1.run(AbstractChannel.java:485)
	at io.netty.util.concurrent.AbstractEventExecutor.runTask(AbstractEventExecutor.java:173)
	at io.netty.util.concurrent.AbstractEventExecutor.safeExecute(AbstractEventExecutor.java:166)
	at io.netty.util.concurrent.SingleThreadEventExecutor.runAllTasks(SingleThreadEventExecutor.java:469)
	at io.netty.channel.nio.NioEventLoop.run(NioEventLoop.java:569)
	at io.netty.util.concurrent.SingleThreadEventExecutor$4.run(SingleThreadEventExecutor.java:994)
	at io.netty.util.internal.ThreadExecutorMap$2.run(ThreadExecutorMap.java:74)
	at java.base/java.lang.Thread.run(Thread.java:833)
13:10:27.732 [main ] INFO  o.a.h.i.c.DefaultHttpClient - I/O exception (org.apache.http.NoHttpResponseException) caught when processing request to {}->http://127.0.0.1:64179->http://www.this_is_not_a_real_url_blablabla.com:80: The target server failed to respond
13:10:27.733 [main ] INFO  o.a.h.i.c.DefaultHttpClient - Retrying request to {}->http://127.0.0.1:64179->http://www.this_is_not_a_real_url_blablabla.com:80
13:10:27.735 [MockServer-local_tiger_proxy-workerEventLoop17] INFO  d.g.t.t.p.h.AbstractTigerRouteCallback - Received HTTP GET / User-Agent: 'Apache-HttpClient/4.5.13 (Java/17.0.7)' Request-Length: 0 bytes => www.this_is_not_a_real_url_blablabla.com:80
13:10:27.739 [MockServer-Scheduler21] INFO  d.g.t.t.p.h.AbstractTigerRouteCallback - Exception during handling of request
java.net.UnknownHostException: www.this_is_not_a_real_url_blablabla.com
	at java.base/java.net.InetAddress$CachedAddresses.get(InetAddress.java:801)
	at java.base/java.net.InetAddress.getAllByName0(InetAddress.java:1533)
	at java.base/java.net.InetAddress.getAllByName(InetAddress.java:1385)
	at java.base/java.net.InetAddress.getAllByName(InetAddress.java:1306)
	at java.base/java.net.InetAddress.getByName(InetAddress.java:1256)
	at io.netty.util.internal.SocketUtils$8.run(SocketUtils.java:156)
	at io.netty.util.internal.SocketUtils$8.run(SocketUtils.java:153)
	at java.base/java.security.AccessController.doPrivileged(AccessController.java:569)
	at io.netty.util.internal.SocketUtils.addressByName(SocketUtils.java:153)
	at io.netty.resolver.DefaultNameResolver.doResolve(DefaultNameResolver.java:41)
	at io.netty.resolver.SimpleNameResolver.resolve(SimpleNameResolver.java:61)
	at io.netty.resolver.SimpleNameResolver.resolve(SimpleNameResolver.java:53)
	at io.netty.resolver.InetSocketAddressResolver.doResolve(InetSocketAddressResolver.java:55)
	at io.netty.resolver.InetSocketAddressResolver.doResolve(InetSocketAddressResolver.java:31)
	at io.netty.resolver.AbstractAddressResolver.resolve(AbstractAddressResolver.java:106)
	at io.netty.bootstrap.Bootstrap.doResolveAndConnect0(Bootstrap.java:220)
	at io.netty.bootstrap.Bootstrap.access$000(Bootstrap.java:47)
	at io.netty.bootstrap.Bootstrap$1.operationComplete(Bootstrap.java:189)
	at io.netty.bootstrap.Bootstrap$1.operationComplete(Bootstrap.java:175)
	at io.netty.util.concurrent.DefaultPromise.notifyListener0(DefaultPromise.java:590)
	at io.netty.util.concurrent.DefaultPromise.notifyListenersNow(DefaultPromise.java:557)
	at io.netty.util.concurrent.DefaultPromise.notifyListeners(DefaultPromise.java:492)
	at io.netty.util.concurrent.DefaultPromise.setValue0(DefaultPromise.java:636)
	at io.netty.util.concurrent.DefaultPromise.setSuccess0(DefaultPromise.java:625)
	at io.netty.util.concurrent.DefaultPromise.trySuccess(DefaultPromise.java:105)
	at io.netty.channel.DefaultChannelPromise.trySuccess(DefaultChannelPromise.java:84)
	at io.netty.channel.AbstractChannel$AbstractUnsafe.safeSetSuccess(AbstractChannel.java:988)
	at io.netty.channel.AbstractChannel$AbstractUnsafe.register0(AbstractChannel.java:515)
	at io.netty.channel.AbstractChannel$AbstractUnsafe.access$200(AbstractChannel.java:428)
	at io.netty.channel.AbstractChannel$AbstractUnsafe$1.run(AbstractChannel.java:485)
	at io.netty.util.concurrent.AbstractEventExecutor.runTask(AbstractEventExecutor.java:173)
	at io.netty.util.concurrent.AbstractEventExecutor.safeExecute(AbstractEventExecutor.java:166)
	at io.netty.util.concurrent.SingleThreadEventExecutor.runAllTasks(SingleThreadEventExecutor.java:469)
	at io.netty.channel.nio.NioEventLoop.run(NioEventLoop.java:569)
	at io.netty.util.concurrent.SingleThreadEventExecutor$4.run(SingleThreadEventExecutor.java:994)
	at io.netty.util.internal.ThreadExecutorMap$2.run(ThreadExecutorMap.java:74)
	at java.base/java.lang.Thread.run(Thread.java:833)
13:10:27.740 [main ] INFO  o.a.h.i.c.DefaultHttpClient - I/O exception (org.apache.http.NoHttpResponseException) caught when processing request to {}->http://127.0.0.1:64179->http://www.this_is_not_a_real_url_blablabla.com:80: The target server failed to respond
13:10:27.741 [main ] INFO  o.a.h.i.c.DefaultHttpClient - Retrying request to {}->http://127.0.0.1:64179->http://www.this_is_not_a_real_url_blablabla.com:80
13:10:27.743 [MockServer-local_tiger_proxy-workerEventLoop12] INFO  d.g.t.t.p.h.AbstractTigerRouteCallback - Received HTTP GET / User-Agent: 'Apache-HttpClient/4.5.13 (Java/17.0.7)' Request-Length: 0 bytes => www.this_is_not_a_real_url_blablabla.com:80
13:10:27.745 [MockServer-Scheduler29] INFO  d.g.t.t.p.h.AbstractTigerRouteCallback - Exception during handling of request
java.net.UnknownHostException: www.this_is_not_a_real_url_blablabla.com
	at java.base/java.net.InetAddress$CachedAddresses.get(InetAddress.java:801)
	at java.base/java.net.InetAddress.getAllByName0(InetAddress.java:1533)
	at java.base/java.net.InetAddress.getAllByName(InetAddress.java:1385)
	at java.base/java.net.InetAddress.getAllByName(InetAddress.java:1306)
	at java.base/java.net.InetAddress.getByName(InetAddress.java:1256)
	at io.netty.util.internal.SocketUtils$8.run(SocketUtils.java:156)
	at io.netty.util.internal.SocketUtils$8.run(SocketUtils.java:153)
	at java.base/java.security.AccessController.doPrivileged(AccessController.java:569)
	at io.netty.util.internal.SocketUtils.addressByName(SocketUtils.java:153)
	at io.netty.resolver.DefaultNameResolver.doResolve(DefaultNameResolver.java:41)
	at io.netty.resolver.SimpleNameResolver.resolve(SimpleNameResolver.java:61)
	at io.netty.resolver.SimpleNameResolver.resolve(SimpleNameResolver.java:53)
	at io.netty.resolver.InetSocketAddressResolver.doResolve(InetSocketAddressResolver.java:55)
	at io.netty.resolver.InetSocketAddressResolver.doResolve(InetSocketAddressResolver.java:31)
	at io.netty.resolver.AbstractAddressResolver.resolve(AbstractAddressResolver.java:106)
	at io.netty.bootstrap.Bootstrap.doResolveAndConnect0(Bootstrap.java:220)
	at io.netty.bootstrap.Bootstrap.access$000(Bootstrap.java:47)
	at io.netty.bootstrap.Bootstrap$1.operationComplete(Bootstrap.java:189)
	at io.netty.bootstrap.Bootstrap$1.operationComplete(Bootstrap.java:175)
	at io.netty.util.concurrent.DefaultPromise.notifyListener0(DefaultPromise.java:590)
	at io.netty.util.concurrent.DefaultPromise.notifyListenersNow(DefaultPromise.java:557)
	at io.netty.util.concurrent.DefaultPromise.notifyListeners(DefaultPromise.java:492)
	at io.netty.util.concurrent.DefaultPromise.setValue0(DefaultPromise.java:636)
	at io.netty.util.concurrent.DefaultPromise.setSuccess0(DefaultPromise.java:625)
	at io.netty.util.concurrent.DefaultPromise.trySuccess(DefaultPromise.java:105)
	at io.netty.channel.DefaultChannelPromise.trySuccess(DefaultChannelPromise.java:84)
	at io.netty.channel.AbstractChannel$AbstractUnsafe.safeSetSuccess(AbstractChannel.java:988)
	at io.netty.channel.AbstractChannel$AbstractUnsafe.register0(AbstractChannel.java:515)
	at io.netty.channel.AbstractChannel$AbstractUnsafe.access$200(AbstractChannel.java:428)
	at io.netty.channel.AbstractChannel$AbstractUnsafe$1.run(AbstractChannel.java:485)
	at io.netty.util.concurrent.AbstractEventExecutor.runTask(AbstractEventExecutor.java:173)
	at io.netty.util.concurrent.AbstractEventExecutor.safeExecute(AbstractEventExecutor.java:166)
	at io.netty.util.concurrent.SingleThreadEventExecutor.runAllTasks(SingleThreadEventExecutor.java:469)
	at io.netty.channel.nio.NioEventLoop.run(NioEventLoop.java:569)
	at io.netty.util.concurrent.SingleThreadEventExecutor$4.run(SingleThreadEventExecutor.java:994)
	at io.netty.util.internal.ThreadExecutorMap$2.run(ThreadExecutorMap.java:74)
	at java.base/java.lang.Thread.run(Thread.java:833)
13:10:27.751 [main ] INFO  o.a.h.i.c.DefaultHttpClient - I/O exception (org.apache.http.NoHttpResponseException) caught when processing request to {}->http://127.0.0.1:64179->http://www.this_is_not_a_real_url_blablabla.com:80: The target server failed to respond
13:10:27.751 [main ] INFO  o.a.h.i.c.DefaultHttpClient - Retrying request to {}->http://127.0.0.1:64179->http://www.this_is_not_a_real_url_blablabla.com:80
13:10:27.754 [MockServer-local_tiger_proxy-workerEventLoop15] INFO  d.g.t.t.p.h.AbstractTigerRouteCallback - Received HTTP GET / User-Agent: 'Apache-HttpClient/4.5.13 (Java/17.0.7)' Request-Length: 0 bytes => www.this_is_not_a_real_url_blablabla.com:80
13:10:27.756 [MockServer-Scheduler3] INFO  d.g.t.t.p.h.AbstractTigerRouteCallback - Exception during handling of request
java.net.UnknownHostException: www.this_is_not_a_real_url_blablabla.com
	at java.base/java.net.InetAddress$CachedAddresses.get(InetAddress.java:801)
	at java.base/java.net.InetAddress.getAllByName0(InetAddress.java:1533)
	at java.base/java.net.InetAddress.getAllByName(InetAddress.java:1385)
	at java.base/java.net.InetAddress.getAllByName(InetAddress.java:1306)
	at java.base/java.net.InetAddress.getByName(InetAddress.java:1256)
	at io.netty.util.internal.SocketUtils$8.run(SocketUtils.java:156)
	at io.netty.util.internal.SocketUtils$8.run(SocketUtils.java:153)
	at java.base/java.security.AccessController.doPrivileged(AccessController.java:569)
	at io.netty.util.internal.SocketUtils.addressByName(SocketUtils.java:153)
	at io.netty.resolver.DefaultNameResolver.doResolve(DefaultNameResolver.java:41)
	at io.netty.resolver.SimpleNameResolver.resolve(SimpleNameResolver.java:61)
	at io.netty.resolver.SimpleNameResolver.resolve(SimpleNameResolver.java:53)
	at io.netty.resolver.InetSocketAddressResolver.doResolve(InetSocketAddressResolver.java:55)
	at io.netty.resolver.InetSocketAddressResolver.doResolve(InetSocketAddressResolver.java:31)
	at io.netty.resolver.AbstractAddressResolver.resolve(AbstractAddressResolver.java:106)
	at io.netty.bootstrap.Bootstrap.doResolveAndConnect0(Bootstrap.java:220)
	at io.netty.bootstrap.Bootstrap.access$000(Bootstrap.java:47)
	at io.netty.bootstrap.Bootstrap$1.operationComplete(Bootstrap.java:189)
	at io.netty.bootstrap.Bootstrap$1.operationComplete(Bootstrap.java:175)
	at io.netty.util.concurrent.DefaultPromise.notifyListener0(DefaultPromise.java:590)
	at io.netty.util.concurrent.DefaultPromise.notifyListenersNow(DefaultPromise.java:557)
	at io.netty.util.concurrent.DefaultPromise.notifyListeners(DefaultPromise.java:492)
	at io.netty.util.concurrent.DefaultPromise.setValue0(DefaultPromise.java:636)
	at io.netty.util.concurrent.DefaultPromise.setSuccess0(DefaultPromise.java:625)
	at io.netty.util.concurrent.DefaultPromise.trySuccess(DefaultPromise.java:105)
	at io.netty.channel.DefaultChannelPromise.trySuccess(DefaultChannelPromise.java:84)
	at io.netty.channel.AbstractChannel$AbstractUnsafe.safeSetSuccess(AbstractChannel.java:988)
	at io.netty.channel.AbstractChannel$AbstractUnsafe.register0(AbstractChannel.java:515)
	at io.netty.channel.AbstractChannel$AbstractUnsafe.access$200(AbstractChannel.java:428)
	at io.netty.channel.AbstractChannel$AbstractUnsafe$1.run(AbstractChannel.java:485)
	at io.netty.util.concurrent.AbstractEventExecutor.runTask(AbstractEventExecutor.java:173)
	at io.netty.util.concurrent.AbstractEventExecutor.safeExecute(AbstractEventExecutor.java:166)
	at io.netty.util.concurrent.SingleThreadEventExecutor.runAllTasks(SingleThreadEventExecutor.java:469)
	at io.netty.channel.nio.NioEventLoop.run(NioEventLoop.java:569)
	at io.netty.util.concurrent.SingleThreadEventExecutor$4.run(SingleThreadEventExecutor.java:994)
	at io.netty.util.internal.ThreadExecutorMap$2.run(ThreadExecutorMap.java:74)
	at java.base/java.lang.Thread.run(Thread.java:833)
13:10:27.761 [main ] INFO  d.g.t.t.l.r.SerenityReportUtils - cURL: curl -v -H "key: value" -H "Accept: */*" -H "Content-Type: application/json" -X GET "http://www.this_is_not_a_real_url_blablabla.com" 
13:10:27.781 [main ] INFO  i.c.c.p.r.SerenityReporterCallbacks - ------------ STATUS: 23 passed 2 failed or error
13:10:27.815 [main ] INFO  i.c.c.p.r.SerenityReporterCallbacks - Saved HTML report of scenario 'Request a non existing url' to C:\workspaces\tiger_work4\tiger\tiger-uitests\target\rbellogs\rbel_Request_a_non_existing_url_2024-07-24_13-10-27.html
13:10:27.833 [main ] ERROR  - 
  _____   ___   ___   _____     ___   ___   ___    ___    ___ 
 |_   _| | __| / __| |_   _|   | __| | _ \ | _ \  / _ \  | _ \
   | |   | _|  \__ \   | |     | _|  |   / |   / | (_) | |   /
   |_|   |___| |___/   |_|     |___| |_|_\ |_|_\  \___/  |_|_\

Request a non existing url
---------------------------------------------------------------
13:10:27.833 [main ] ERROR  -     Test failed at step: When TGR send empty GET request to "http://www.this_is_not_a_real_url_blablabla.com"
13:10:27.834 [main ] ERROR  -     
13:10:28.056 [http-nio-64151-exec-5] INFO  d.g.t.t.p.c.TigerWebUiController - Returning 8 messages (8 in menu, 8 filtered) of total 60
[ERROR] Tests run: 25, Failures: 1, Errors: 1, Skipped: 0, Time elapsed: 17.51 s <<< FAILURE! -- in io.cucumber.junit.platform.engine.CucumberTestEngine
[ERROR] Playwright Test feature.DELETE Request without body shall fail -- Time elapsed: 0.712 s <<< FAILURE!
java.lang.AssertionError: 

Expecting actual:
  "DELETE"
to match pattern:
  "THIS_ON_PURPOSE_SHALL_NEVER_MATCH"
	at de.gematik.test.tiger.glue.TigerGlue.tgrAssertMatches(TigerGlue.java:206)
	at ?.TGR assert "!{rbel:currentRequestAsString('$.method')}" matches "THIS_ON_PURPOSE_SHALL_NEVER_MATCH"(file:///C:/workspaces/tiger_work4/tiger/tiger-uitests/src/test/resources/features/01_PlaywrightTest.feature:40)

[ERROR] Playwright Test feature.Request a non existing url -- Time elapsed: 0.270 s <<< ERROR!
de.gematik.test.tiger.lib.exception.TigerHttpGlueCodeException: Error during request execution
	at de.gematik.test.tiger.lib.TigerHttpClient.executeCommandWithContingentWait(TigerHttpClient.java:111)
	at de.gematik.test.tiger.glue.HttpGlueCode.sendEmptyRequest(HttpGlueCode.java:45)
	at ?.TGR send empty GET request to "http://www.this_is_not_a_real_url_blablabla.com"(file:///C:/workspaces/tiger_work4/tiger/tiger-uitests/src/test/resources/features/01_PlaywrightTest.feature:153)
Caused by: de.gematik.test.tiger.lib.serenityrest.SerenityRestUtils$TigerSerenityRestException: Error while retrieving GET http://www.this_is_not_a_real_url_blablabla.com via proxy http://localhost:64179
	at de.gematik.test.tiger.lib.serenityrest.SerenityRestUtils.lambda$setupSerenityRest$0(SerenityRestUtils.java:40)
	at io.restassured.filter.Filter$filter.call(Unknown Source)
	at org.codehaus.groovy.runtime.callsite.CallSiteArray.defaultCall(CallSiteArray.java:45)
	at io.restassured.filter.Filter$filter.call(Unknown Source)
	at io.restassured.internal.filter.FilterContextImpl.next(FilterContextImpl.groovy:72)
	at io.restassured.filter.log.RequestLoggingFilter.filter(RequestLoggingFilter.java:148)
	at de.gematik.test.tiger.lib.reports.TigerRestAssuredCurlLoggingFilter.filter(TigerRestAssuredCurlLoggingFilter.java:62)
	at io.restassured.filter.Filter$filter.call(Unknown Source)
	at org.codehaus.groovy.runtime.callsite.CallSiteArray.defaultCall(CallSiteArray.java:45)
	at io.restassured.filter.Filter$filter$0.call(Unknown Source)
	at io.restassured.internal.filter.FilterContextImpl.next(FilterContextImpl.groovy:72)
	at io.restassured.filter.FilterContext$next.call(Unknown Source)
	at io.restassured.internal.RequestSpecificationImpl.applyPathParamsAndSendRequest(RequestSpecificationImpl.groovy:1704)
	at io.restassured.internal.RequestSpecificationImpl.this$2$applyPathParamsAndSendRequest(RequestSpecificationImpl.groovy)
	at java.base/java.lang.reflect.Method.invoke(Method.java:568)
	at org.codehaus.groovy.reflection.CachedMethod.invoke(CachedMethod.java:343)
	at groovy.lang.MetaMethod.doMethodInvoke(MetaMethod.java:328)
	at groovy.lang.MetaClassImpl.doInvokeMethod(MetaClassImpl.java:1333)
	at groovy.lang.MetaClassImpl.invokeMethod(MetaClassImpl.java:1088)
	at groovy.lang.MetaClassImpl.invokeMethod(MetaClassImpl.java:1007)
	at groovy.lang.MetaClassImpl.invokeMethod(MetaClassImpl.java:790)
	at io.restassured.internal.RequestSpecificationImpl.invokeMethod(RequestSpecificationImpl.groovy)
	at org.codehaus.groovy.runtime.callsite.PogoInterceptableSite.call(PogoInterceptableSite.java:46)
	at org.codehaus.groovy.runtime.callsite.PogoInterceptableSite.callCurrent(PogoInterceptableSite.java:57)
	at org.codehaus.groovy.runtime.callsite.AbstractCallSite.callCurrent(AbstractCallSite.java:203)
	at io.restassured.internal.RequestSpecificationImpl.request(RequestSpecificationImpl.groovy:296)
	at io.restassured.internal.RequestSpecificationImpl.request(RequestSpecificationImpl.groovy)
	at java.base/java.lang.reflect.Method.invoke(Method.java:568)
	at org.codehaus.groovy.reflection.CachedMethod.invoke(CachedMethod.java:343)
	at groovy.lang.MetaMethod.doMethodInvoke(MetaMethod.java:328)
	at groovy.lang.MetaClassImpl.doInvokeMethod(MetaClassImpl.java:1333)
	at groovy.lang.MetaClassImpl.invokeMethod(MetaClassImpl.java:1088)
	at groovy.lang.MetaClassImpl.invokeMethod(MetaClassImpl.java:1007)
	at groovy.lang.MetaClassImpl.invokeMethod(MetaClassImpl.java:790)
	at io.restassured.internal.RequestSpecificationImpl.invokeMethod(RequestSpecificationImpl.groovy)
	at org.codehaus.groovy.runtime.callsite.PogoInterceptableSite.call(PogoInterceptableSite.java:46)
	at org.codehaus.groovy.runtime.callsite.PogoInterceptableSite.callCurrent(PogoInterceptableSite.java:57)
	at org.codehaus.groovy.runtime.callsite.AbstractCallSite.callCurrent(AbstractCallSite.java:203)
	at io.restassured.internal.RequestSpecificationImpl.request(RequestSpecificationImpl.groovy:292)
	at io.restassured.internal.RequestSpecificationImpl.request(RequestSpecificationImpl.groovy)
	at java.base/java.lang.reflect.Method.invoke(Method.java:568)
	at org.codehaus.groovy.reflection.CachedMethod.invoke(CachedMethod.java:343)
	at groovy.lang.MetaMethod.doMethodInvoke(MetaMethod.java:328)
	at groovy.lang.MetaClassImpl.doInvokeMethod(MetaClassImpl.java:1333)
	at groovy.lang.MetaClassImpl.invokeMethod(MetaClassImpl.java:1088)
	at groovy.lang.MetaClassImpl.invokeMethod(MetaClassImpl.java:1007)
	at groovy.lang.MetaClassImpl.invokeMethod(MetaClassImpl.java:790)
	at io.restassured.internal.RequestSpecificationImpl.invokeMethod(RequestSpecificationImpl.groovy)
	at org.codehaus.groovy.runtime.callsite.PogoInterceptableSite.call(PogoInterceptableSite.java:46)
	at org.codehaus.groovy.runtime.callsite.PogoInterceptableSite.callCurrent(PogoInterceptableSite.java:57)
	at org.codehaus.groovy.runtime.callsite.AbstractCallSite.callCurrent(AbstractCallSite.java:194)
	at io.restassured.internal.RequestSpecificationImpl.request(RequestSpecificationImpl.groovy:300)
	at io.restassured.internal.RequestSpecificationImpl.request(RequestSpecificationImpl.groovy)
	at de.gematik.test.tiger.glue.HttpGlueCode.lambda$sendEmptyRequest$0(HttpGlueCode.java:45)
	at de.gematik.test.tiger.lib.TigerHttpClient.executeCommandWithContingentWait(TigerHttpClient.java:109)
	at de.gematik.test.tiger.glue.HttpGlueCode.sendEmptyRequest(HttpGlueCode.java:45)
	at java.base/java.lang.reflect.Method.invoke(Method.java:568)
	at io.cucumber.java.Invoker.doInvoke(Invoker.java:66)
	at io.cucumber.java.Invoker.invoke(Invoker.java:24)
	at io.cucumber.java.AbstractGlueDefinition.invokeMethod(AbstractGlueDefinition.java:47)
	at io.cucumber.java.JavaStepDefinition.execute(JavaStepDefinition.java:29)
	at io.cucumber.core.runner.CoreStepDefinition.execute(CoreStepDefinition.java:66)
	at io.cucumber.core.runner.PickleStepDefinitionMatch.runStep(PickleStepDefinitionMatch.java:63)
	at io.cucumber.core.runner.ExecutionMode$1.execute(ExecutionMode.java:10)
	at io.cucumber.core.runner.TestStep.executeStep(TestStep.java:81)
	at io.cucumber.core.runner.TestStep.run(TestStep.java:53)
	at io.cucumber.core.runner.PickleStepTestStep.run(PickleStepTestStep.java:51)
	at io.cucumber.core.runner.TestCase.run(TestCase.java:84)
	at io.cucumber.core.runner.Runner.runPickle(Runner.java:75)
	at io.cucumber.junit.platform.engine.CucumberEngineExecutionContext.lambda$runTestCase$4(CucumberEngineExecutionContext.java:112)
	at io.cucumber.core.runtime.CucumberExecutionContext.lambda$runTestCase$5(CucumberExecutionContext.java:136)
	at io.cucumber.core.runtime.RethrowingThrowableCollector.executeAndThrow(RethrowingThrowableCollector.java:23)
	at io.cucumber.core.runtime.CucumberExecutionContext.runTestCase(CucumberExecutionContext.java:136)
	at io.cucumber.junit.platform.engine.CucumberEngineExecutionContext.runTestCase(CucumberEngineExecutionContext.java:109)
	at io.cucumber.junit.platform.engine.NodeDescriptor$PickleDescriptor.execute(NodeDescriptor.java:168)
	at io.cucumber.junit.platform.engine.NodeDescriptor$PickleDescriptor.execute(NodeDescriptor.java:90)
	at java.base/java.util.ArrayList.forEach(ArrayList.java:1511)
	at java.base/java.util.ArrayList.forEach(ArrayList.java:1511)
Caused by: org.apache.http.NoHttpResponseException: www.this_is_not_a_real_url_blablabla.com:80 failed to respond
	at org.apache.http.impl.conn.DefaultHttpResponseParser.parseHead(DefaultHttpResponseParser.java:141)
	at org.apache.http.impl.conn.DefaultHttpResponseParser.parseHead(DefaultHttpResponseParser.java:56)
	at org.apache.http.impl.io.AbstractMessageParser.parse(AbstractMessageParser.java:259)
	at org.apache.http.impl.AbstractHttpClientConnection.receiveResponseHeader(AbstractHttpClientConnection.java:294)
	at org.apache.http.impl.conn.DefaultClientConnection.receiveResponseHeader(DefaultClientConnection.java:257)
	at org.apache.http.impl.conn.ManagedClientConnectionImpl.receiveResponseHeader(ManagedClientConnectionImpl.java:207)
	at org.apache.http.protocol.HttpRequestExecutor.doReceiveResponse(HttpRequestExecutor.java:273)
	at org.apache.http.protocol.HttpRequestExecutor.execute(HttpRequestExecutor.java:125)
	at org.apache.http.impl.client.DefaultRequestDirector.tryExecute(DefaultRequestDirector.java:679)
	at org.apache.http.impl.client.DefaultRequestDirector.execute(DefaultRequestDirector.java:481)
	at org.apache.http.impl.client.AbstractHttpClient.doExecute(AbstractHttpClient.java:835)
	at org.apache.http.impl.client.CloseableHttpClient.execute(CloseableHttpClient.java:83)
	at io.restassured.internal.RestAssuredHttpBuilder.doRequest(RestAssuredHttpBuilder.java:141)
	at io.restassured.internal.http.HTTPBuilder.doRequest(HTTPBuilder.java:496)
	at io.restassured.internal.http.HTTPBuilder.request(HTTPBuilder.java:453)
	at io.restassured.internal.http.HTTPBuilder$request$2.call(Unknown Source)
	at io.restassured.internal.RequestSpecificationImpl.sendHttpRequest(RequestSpecificationImpl.groovy:1480)
	at io.restassured.internal.RequestSpecificationImpl.this$2$sendHttpRequest(RequestSpecificationImpl.groovy)
	at java.base/java.lang.reflect.Method.invoke(Method.java:568)
	at org.codehaus.groovy.reflection.CachedMethod.invoke(CachedMethod.java:343)
	at groovy.lang.MetaMethod.doMethodInvoke(MetaMethod.java:328)
	at groovy.lang.MetaClassImpl.doInvokeMethod(MetaClassImpl.java:1333)
	at groovy.lang.MetaClassImpl.invokeMethod(MetaClassImpl.java:1088)
	at groovy.lang.MetaClassImpl.invokeMethod(MetaClassImpl.java:1007)
	at groovy.lang.MetaClassImpl.invokeMethod(MetaClassImpl.java:790)
	at io.restassured.internal.RequestSpecificationImpl.invokeMethod(RequestSpecificationImpl.groovy)
	at org.codehaus.groovy.runtime.callsite.PogoInterceptableSite.call(PogoInterceptableSite.java:46)
	at org.codehaus.groovy.runtime.callsite.PogoInterceptableSite.callCurrent(PogoInterceptableSite.java:57)
	at io.restassured.internal.RequestSpecificationImpl.sendRequest(RequestSpecificationImpl.groovy:1229)
	at io.restassured.internal.RequestSpecificationImpl.this$2$sendRequest(RequestSpecificationImpl.groovy)
	at java.base/java.lang.reflect.Method.invoke(Method.java:568)
	at org.codehaus.groovy.reflection.CachedMethod.invoke(CachedMethod.java:343)
	at groovy.lang.MetaMethod.doMethodInvoke(MetaMethod.java:328)
	at groovy.lang.MetaClassImpl.doInvokeMethod(MetaClassImpl.java:1333)
	at groovy.lang.MetaClassImpl.invokeMethod(MetaClassImpl.java:1088)
	at groovy.lang.MetaClassImpl.invokeMethod(MetaClassImpl.java:1007)
	at groovy.lang.MetaClassImpl.invokeMethod(MetaClassImpl.java:790)
	at io.restassured.internal.RequestSpecificationImpl.invokeMethod(RequestSpecificationImpl.groovy)
	at org.codehaus.groovy.runtime.callsite.PogoInterceptableSite.call(PogoInterceptableSite.java:46)
	at org.codehaus.groovy.runtime.callsite.AbstractCallSite.call(AbstractCallSite.java:166)
	at io.restassured.internal.filter.SendRequestFilter.filter(SendRequestFilter.groovy:30)
	at io.restassured.filter.Filter$filter$0.call(Unknown Source)
	at org.codehaus.groovy.runtime.callsite.CallSiteArray.defaultCall(CallSiteArray.java:45)
	at io.restassured.filter.Filter$filter.call(Unknown Source)
	at io.restassured.internal.filter.FilterContextImpl.next(FilterContextImpl.groovy:72)
	at io.restassured.filter.time.TimingFilter.filter(TimingFilter.java:56)
	at io.restassured.filter.Filter$filter.call(Unknown Source)
	at org.codehaus.groovy.runtime.callsite.CallSiteArray.defaultCall(CallSiteArray.java:45)
	at io.restassured.filter.Filter$filter$0.call(Unknown Source)
	at io.restassured.internal.filter.FilterContextImpl.next(FilterContextImpl.groovy:72)
	at io.restassured.filter.FilterContext$next.call(Unknown Source)
	at io.restassured.internal.filter.CsrfFilter.filter(CsrfFilter.groovy:70)
	at io.restassured.filter.Filter$filter$0.call(Unknown Source)
	at org.codehaus.groovy.runtime.callsite.CallSiteArray.defaultCall(CallSiteArray.java:45)
	at io.restassured.filter.Filter$filter.call(Unknown Source)
	at io.restassured.internal.filter.FilterContextImpl.next(FilterContextImpl.groovy:72)
	at de.gematik.test.tiger.lib.serenityrest.SerenityRestUtils.lambda$setupSerenityRest$0(SerenityRestUtils.java:32)
	... 77 more

[INFO] Tests run: 0, Failures: 0, Errors: 0, Skipped: 0, Time elapsed: 54.40 s -- in de.gematik.test.tiger.serenity.drivers.Driver001IT
[INFO] Running de.gematik.test.tiger.serenity.drivers.Driver002IT
[INFO] Running io.cucumber.junit.platform.engine.CucumberTestEngine
13:10:28.656 [main ] INFO   - Test Suite Started: Zweite Feature-Datei
13:10:28.656 [main ] INFO  i.c.c.p.TigerSerenityReporterPlugin - Feature file started: file:///C:/workspaces/tiger_work4/tiger/tiger-uitests/src/test/resources/features/02_PlaywrightTwoTest.feature
13:10:28.676 [main ] INFO   - 
  _____   ___   ___   _____     ___   _____     _     ___   _____   ___   ___  
 |_   _| | __| / __| |_   _|   / __| |_   _|   /_\   | _ \ |_   _| | __| |   \ 
   | |   | _|  \__ \   | |     \__ \   | |    / _ \  |   /   | |   | _|  | |) |
   |_|   |___| |___/   |_|     |___/   |_|   /_/ \_\ |_|_\   |_|   |___| |___/ 

Test zeige HTML(zweite-feature-datei;test-zeige-html)
--------------------------------------------------------------------------------
13:10:28.679 [main ] INFO  i.c.c.p.r.SerenityReporterCallbacks - Scenario location Location{line=3, column=3}
13:10:42.249 [MessageBroker-16] INFO  o.s.w.s.c.WebSocketMessageBrokerStats - WebSocketSession[2 current WS(2)-HttpStream(0)-HttpPoll(0), 2 total, 0 closed abnormally (0 connect failure, 0 send limit, 0 transport error)], stompSubProtocol[processed CONNECT(2)-CONNECTED(2)-DISCONNECT(0)], stompBrokerRelay[null], inboundChannel[pool size = 12, active threads = 0, queued tasks = 0, completed tasks = 12], outboundChannel[pool size = 1, active threads = 0, queued tasks = 0, completed tasks = 336], sockJsScheduler[pool size = 16, active threads = 1, queued tasks = 4, completed tasks = 19]
13:11:05.904 [MessageBroker-7] INFO  o.s.w.s.c.WebSocketMessageBrokerStats - WebSocketSession[1 current WS(1)-HttpStream(0)-HttpPoll(0), 1 total, 0 closed abnormally (0 connect failure, 0 send limit, 0 transport error)], stompSubProtocol[processed CONNECT(1)-CONNECTED(1)-DISCONNECT(0)], stompBrokerRelay[null], inboundChannel[pool size = 1, active threads = 0, queued tasks = 0, completed tasks = 331], outboundChannel[pool size = 1, active threads = 0, queued tasks = 0, completed tasks = 331], sockJsScheduler[pool size = 16, active threads = 1, queued tasks = 2, completed tasks = 13]
13:11:09.411 [MessageBroker-1] INFO  o.s.w.s.c.WebSocketMessageBrokerStats - WebSocketSession[1 current WS(1)-HttpStream(0)-HttpPoll(0), 1 total, 0 closed abnormally (0 connect failure, 0 send limit, 0 transport error)], stompSubProtocol[processed CONNECT(1)-CONNECTED(1)-DISCONNECT(0)], stompBrokerRelay[null], inboundChannel[pool size = 1, active threads = 0, queued tasks = 0, completed tasks = 13], outboundChannel[pool size = 1, active threads = 0, queued tasks = 0, completed tasks = 13], sockJsScheduler[pool size = 1, active threads = 1, queued tasks = 0, completed tasks = 0]
13:12:10.726 [main ] INFO  i.c.c.p.r.SerenityReporterCallbacks - ------------ STATUS: 1 passed 
13:12:10.735 [main ] INFO  i.c.c.p.r.SerenityReporterCallbacks - Saved HTML report of scenario 'Test zeige HTML' to C:\workspaces\tiger_work4\tiger\tiger-uitests\target\rbellogs\rbel_Test_zeige_HTML_2024-07-24_13-12-10.html
13:12:10.736 [main ] INFO   - 
  _____   ___   ___   _____     ___     _     ___   ___   ___   ___  
 |_   _| | __| / __| |_   _|   | _ \   /_\   / __| / __| | __| |   \ 
   | |   | _|  \__ \   | |     |  _/  / _ \  \__ \ \__ \ | _|  | |) |
   |_|   |___| |___/   |_|     |_|   /_/ \_\ |___/ |___/ |___| |___/ 

Test zeige HTML
----------------------------------------------------------------------
[INFO] Tests run: 1, Failures: 0, Errors: 0, Skipped: 0, Time elapsed: 102.1 s -- in io.cucumber.junit.platform.engine.CucumberTestEngine
[INFO] Tests run: 0, Failures: 0, Errors: 0, Skipped: 0, Time elapsed: 102.1 s -- in de.gematik.test.tiger.serenity.drivers.Driver002IT
[INFO] 
[INFO] Results:
[INFO] 
[ERROR] Failures: 
[ERROR]   
Expecting actual:
  "DELETE"
to match pattern:
  "THIS_ON_PURPOSE_SHALL_NEVER_MATCH"
[ERROR] Errors: 
[ERROR]   Error during request execution
[INFO] 
[ERROR] Tests run: 26, Failures: 1, Errors: 1, Skipped: 0
[INFO] 
[INFO] ------------------------------------------------------------------------
[INFO] BUILD SUCCESS
[INFO] ------------------------------------------------------------------------
[INFO] Total time:  04:50 min
[INFO] Finished at: 2024-07-24T13:14:19+02:00
[INFO] ------------------------------------------------------------------------
